2018-01-21 23:35:53.184 [main] INFO  com.viroyal.light.DemoApplication - Starting DemoApplication on PC201310061245 with PID 17920 (started by Administrator in F:\Program Files\LightProject)
2018-01-21 23:35:53.191 [main] INFO  com.viroyal.light.DemoApplication - The following profiles are active: pro
2018-01-21 23:35:53.575 [main] INFO  o.s.b.c.e.AnnotationConfigEmbeddedWebApplicationContext - Refreshing org.springframework.boot.context.embedded.AnnotationConfigEmbeddedWebApplicationContext@37654521: startup date [Sun Jan 21 23:35:53 CST 2018]; root of context hierarchy
2018-01-21 23:35:53.925 [background-preinit] INFO  org.hibernate.validator.internal.util.Version - HV000001: Hibernate Validator 5.2.5.Final
2018-01-21 23:35:59.338 [main] INFO  o.s.b.factory.support.DefaultListableBeanFactory - Overriding bean definition for bean 'filterRegistrationBean' with a different definition: replacing [Root bean: class [null]; scope=; abstract=false; lazyInit=false; autowireMode=3; dependencyCheck=0; autowireCandidate=true; primary=false; factoryBeanName=shiroConfig; factoryMethodName=filterRegistrationBean; initMethodName=null; destroyMethodName=(inferred); defined in class path resource [com/viroyal/light/common/shiro/ShiroConfig.class]] with [Root bean: class [null]; scope=; abstract=false; lazyInit=false; autowireMode=3; dependencyCheck=0; autowireCandidate=true; primary=false; factoryBeanName=druidDataSourceConfig; factoryMethodName=filterRegistrationBean; initMethodName=null; destroyMethodName=(inferred); defined in class path resource [com/viroyal/light/config/DruidDataSourceConfig.class]]
2018-01-21 23:36:00.213 [main] INFO  o.s.d.r.config.RepositoryConfigurationDelegate - Multiple Spring Data modules found, entering strict repository configuration mode!
2018-01-21 23:36:00.435 [main] INFO  o.s.d.r.config.RepositoryConfigurationDelegate - Multiple Spring Data modules found, entering strict repository configuration mode!
2018-01-21 23:36:01.472 [main] INFO  o.s.c.s.PostProcessorRegistrationDelegate$BeanPostProcessorChecker - Bean 'wallConfig' of type [com.alibaba.druid.wall.WallConfig] is not eligible for getting processed by all BeanPostProcessors (for example: not eligible for auto-proxying)
2018-01-21 23:36:01.631 [main] INFO  o.s.c.s.PostProcessorRegistrationDelegate$BeanPostProcessorChecker - Bean 'wallFilter' of type [com.alibaba.druid.wall.WallFilter] is not eligible for getting processed by all BeanPostProcessors (for example: not eligible for auto-proxying)
2018-01-21 23:36:01.634 [main] INFO  o.s.c.s.PostProcessorRegistrationDelegate$BeanPostProcessorChecker - Bean 'druidDataSourceConfig' of type [com.viroyal.light.config.DruidDataSourceConfig$$EnhancerBySpringCGLIB$$17671b19] is not eligible for getting processed by all BeanPostProcessors (for example: not eligible for auto-proxying)
2018-01-21 23:36:01.737 [main] INFO  o.s.c.s.PostProcessorRegistrationDelegate$BeanPostProcessorChecker - Bean 'dataSource' of type [com.alibaba.druid.pool.DruidDataSource] is not eligible for getting processed by all BeanPostProcessors (for example: not eligible for auto-proxying)
2018-01-21 23:36:02.025 [main] INFO  o.s.c.s.PostProcessorRegistrationDelegate$BeanPostProcessorChecker - Bean 'mybatis-org.mybatis.spring.boot.autoconfigure.MybatisProperties' of type [org.mybatis.spring.boot.autoconfigure.MybatisProperties] is not eligible for getting processed by all BeanPostProcessors (for example: not eligible for auto-proxying)
2018-01-21 23:36:02.063 [main] INFO  o.s.c.s.PostProcessorRegistrationDelegate$BeanPostProcessorChecker - Bean 'paginationInterceptor' of type [com.baomidou.mybatisplus.plugins.PaginationInterceptor] is not eligible for getting processed by all BeanPostProcessors (for example: not eligible for auto-proxying)
2018-01-21 23:36:02.068 [main] INFO  o.s.c.s.PostProcessorRegistrationDelegate$BeanPostProcessorChecker - Bean 'mybatisPlusConfig' of type [com.viroyal.light.config.MybatisPlusConfig$$EnhancerBySpringCGLIB$$74d285df] is not eligible for getting processed by all BeanPostProcessors (for example: not eligible for auto-proxying)
2018-01-21 23:36:02.872 [main] INFO  com.alibaba.druid.pool.DruidDataSource - {dataSource-1} inited
2018-01-21 23:36:04.443 [main] INFO  o.s.c.s.PostProcessorRegistrationDelegate$BeanPostProcessorChecker - Bean 'mybatisSqlSessionFactoryBean' of type [com.baomidou.mybatisplus.spring.MybatisSqlSessionFactoryBean] is not eligible for getting processed by all BeanPostProcessors (for example: not eligible for auto-proxying)
2018-01-21 23:36:04.444 [main] INFO  o.s.c.s.PostProcessorRegistrationDelegate$BeanPostProcessorChecker - Bean 'mybatisSqlSessionFactoryBean' of type [org.apache.ibatis.session.defaults.DefaultSqlSessionFactory] is not eligible for getting processed by all BeanPostProcessors (for example: not eligible for auto-proxying)
2018-01-21 23:36:04.460 [main] INFO  o.s.c.s.PostProcessorRegistrationDelegate$BeanPostProcessorChecker - Bean 'org.mybatis.spring.boot.autoconfigure.MybatisAutoConfiguration' of type [org.mybatis.spring.boot.autoconfigure.MybatisAutoConfiguration$$EnhancerBySpringCGLIB$$d58089a8] is not eligible for getting processed by all BeanPostProcessors (for example: not eligible for auto-proxying)
2018-01-21 23:36:04.475 [main] INFO  o.s.c.s.PostProcessorRegistrationDelegate$BeanPostProcessorChecker - Bean 'sqlSessionTemplate' of type [org.mybatis.spring.SqlSessionTemplate] is not eligible for getting processed by all BeanPostProcessors (for example: not eligible for auto-proxying)
2018-01-21 23:36:04.476 [main] INFO  o.s.c.s.PostProcessorRegistrationDelegate$BeanPostProcessorChecker - Bean 'sysPermissionInitMapper' of type [org.mybatis.spring.mapper.MapperFactoryBean] is not eligible for getting processed by all BeanPostProcessors (for example: not eligible for auto-proxying)
2018-01-21 23:36:04.479 [main] INFO  o.s.c.s.PostProcessorRegistrationDelegate$BeanPostProcessorChecker - Bean 'sysPermissionInitMapper' of type [com.sun.proxy.$Proxy87] is not eligible for getting processed by all BeanPostProcessors (for example: not eligible for auto-proxying)
2018-01-21 23:36:04.480 [main] INFO  o.s.c.s.PostProcessorRegistrationDelegate$BeanPostProcessorChecker - Bean 'sysPermissionInitServiceImpl' of type [com.viroyal.light.module.user.service.impl.SysPermissionInitServiceImpl] is not eligible for getting processed by all BeanPostProcessors (for example: not eligible for auto-proxying)
2018-01-21 23:36:04.509 [main] INFO  o.s.c.s.PostProcessorRegistrationDelegate$BeanPostProcessorChecker - Bean 'shiroConfig' of type [com.viroyal.light.common.shiro.ShiroConfig$$EnhancerBySpringCGLIB$$464846af] is not eligible for getting processed by all BeanPostProcessors (for example: not eligible for auto-proxying)
2018-01-21 23:36:05.141 [main] INFO  o.s.c.s.PostProcessorRegistrationDelegate$BeanPostProcessorChecker - Bean 'sysUserMapper' of type [org.mybatis.spring.mapper.MapperFactoryBean] is not eligible for getting processed by all BeanPostProcessors (for example: not eligible for auto-proxying)
2018-01-21 23:36:05.144 [main] INFO  o.s.c.s.PostProcessorRegistrationDelegate$BeanPostProcessorChecker - Bean 'sysUserMapper' of type [com.sun.proxy.$Proxy89] is not eligible for getting processed by all BeanPostProcessors (for example: not eligible for auto-proxying)
2018-01-21 23:36:05.164 [main] INFO  o.s.c.s.PostProcessorRegistrationDelegate$BeanPostProcessorChecker - Bean 'sysRoleMapper' of type [org.mybatis.spring.mapper.MapperFactoryBean] is not eligible for getting processed by all BeanPostProcessors (for example: not eligible for auto-proxying)
2018-01-21 23:36:05.166 [main] INFO  o.s.c.s.PostProcessorRegistrationDelegate$BeanPostProcessorChecker - Bean 'sysRoleMapper' of type [com.sun.proxy.$Proxy90] is not eligible for getting processed by all BeanPostProcessors (for example: not eligible for auto-proxying)
2018-01-21 23:36:05.168 [main] INFO  o.s.c.s.PostProcessorRegistrationDelegate$BeanPostProcessorChecker - Bean 'sysRoleServiceImpl' of type [com.viroyal.light.module.user.service.impl.SysRoleServiceImpl] is not eligible for getting processed by all BeanPostProcessors (for example: not eligible for auto-proxying)
2018-01-21 23:36:05.174 [main] INFO  o.s.c.s.PostProcessorRegistrationDelegate$BeanPostProcessorChecker - Bean 'sysPermissionMapper' of type [org.mybatis.spring.mapper.MapperFactoryBean] is not eligible for getting processed by all BeanPostProcessors (for example: not eligible for auto-proxying)
2018-01-21 23:36:05.177 [main] INFO  o.s.c.s.PostProcessorRegistrationDelegate$BeanPostProcessorChecker - Bean 'sysPermissionMapper' of type [com.sun.proxy.$Proxy91] is not eligible for getting processed by all BeanPostProcessors (for example: not eligible for auto-proxying)
2018-01-21 23:36:05.183 [main] INFO  o.s.c.s.PostProcessorRegistrationDelegate$BeanPostProcessorChecker - Bean 'org.springframework.boot.autoconfigure.data.redis.RedisAutoConfiguration$RedisConfiguration' of type [org.springframework.boot.autoconfigure.data.redis.RedisAutoConfiguration$RedisConfiguration$$EnhancerBySpringCGLIB$$e84ebe05] is not eligible for getting processed by all BeanPostProcessors (for example: not eligible for auto-proxying)
2018-01-21 23:36:05.214 [main] INFO  o.s.c.s.PostProcessorRegistrationDelegate$BeanPostProcessorChecker - Bean 'spring.redis-org.springframework.boot.autoconfigure.data.redis.RedisProperties' of type [org.springframework.boot.autoconfigure.data.redis.RedisProperties] is not eligible for getting processed by all BeanPostProcessors (for example: not eligible for auto-proxying)
2018-01-21 23:36:05.226 [main] INFO  o.s.c.s.PostProcessorRegistrationDelegate$BeanPostProcessorChecker - Bean 'org.springframework.boot.autoconfigure.data.redis.RedisAutoConfiguration$RedisConnectionConfiguration' of type [org.springframework.boot.autoconfigure.data.redis.RedisAutoConfiguration$RedisConnectionConfiguration$$EnhancerBySpringCGLIB$$36a65f87] is not eligible for getting processed by all BeanPostProcessors (for example: not eligible for auto-proxying)
2018-01-21 23:36:05.326 [main] INFO  o.s.c.s.PostProcessorRegistrationDelegate$BeanPostProcessorChecker - Bean 'redisConnectionFactory' of type [org.springframework.data.redis.connection.jedis.JedisConnectionFactory] is not eligible for getting processed by all BeanPostProcessors (for example: not eligible for auto-proxying)
2018-01-21 23:36:05.406 [main] INFO  o.s.c.s.PostProcessorRegistrationDelegate$BeanPostProcessorChecker - Bean 'stringRedisTemplate' of type [org.springframework.data.redis.core.StringRedisTemplate] is not eligible for getting processed by all BeanPostProcessors (for example: not eligible for auto-proxying)
2018-01-21 23:36:05.407 [main] INFO  o.s.c.s.PostProcessorRegistrationDelegate$BeanPostProcessorChecker - Bean 'myShiroRealm' of type [com.viroyal.light.common.shiro.MyShiroRealm] is not eligible for getting processed by all BeanPostProcessors (for example: not eligible for auto-proxying)
2018-01-21 23:36:05.425 [main] INFO  o.s.c.s.PostProcessorRegistrationDelegate$BeanPostProcessorChecker - Bean 'redisSessionDAO' of type [org.crazycake.shiro.RedisSessionDAO] is not eligible for getting processed by all BeanPostProcessors (for example: not eligible for auto-proxying)
2018-01-21 23:36:05.498 [main] INFO  o.s.c.s.PostProcessorRegistrationDelegate$BeanPostProcessorChecker - Bean 'sessionManager' of type [org.apache.shiro.web.session.mgt.DefaultWebSessionManager] is not eligible for getting processed by all BeanPostProcessors (for example: not eligible for auto-proxying)
2018-01-21 23:36:05.521 [main] INFO  o.s.c.s.PostProcessorRegistrationDelegate$BeanPostProcessorChecker - Bean 'securityManager' of type [org.apache.shiro.web.mgt.DefaultWebSecurityManager] is not eligible for getting processed by all BeanPostProcessors (for example: not eligible for auto-proxying)
2018-01-21 23:36:05.677 [main] DEBUG c.v.l.m.user.dao.SysPermissionInitMapper.selectAll - ==>  Preparing: SELECT * FROM sys_permission_init ORDER BY sort ASC 
2018-01-21 23:36:06.092 [main] DEBUG c.v.l.m.user.dao.SysPermissionInitMapper.selectAll - ==> Parameters: 
2018-01-21 23:36:06.446 [main] DEBUG c.v.l.m.user.dao.SysPermissionInitMapper.selectAll - <==      Total: 10
2018-01-21 23:36:06.548 [main] INFO  o.s.c.s.PostProcessorRegistrationDelegate$BeanPostProcessorChecker - Bean 'authorizationAttributeSourceAdvisor' of type [org.apache.shiro.spring.security.interceptor.AuthorizationAttributeSourceAdvisor] is not eligible for getting processed by all BeanPostProcessors (for example: not eligible for auto-proxying)
2018-01-21 23:36:06.639 [main] INFO  o.s.c.s.PostProcessorRegistrationDelegate$BeanPostProcessorChecker - Bean 'redisConfig' of type [com.viroyal.light.config.RedisConfig$$EnhancerBySpringCGLIB$$6095c4cd] is not eligible for getting processed by all BeanPostProcessors (for example: not eligible for auto-proxying)
2018-01-21 23:36:06.659 [main] INFO  o.s.c.s.PostProcessorRegistrationDelegate$BeanPostProcessorChecker - Bean 'org.springframework.cache.annotation.ProxyCachingConfiguration' of type [org.springframework.cache.annotation.ProxyCachingConfiguration$$EnhancerBySpringCGLIB$$ebbe6e96] is not eligible for getting processed by all BeanPostProcessors (for example: not eligible for auto-proxying)
2018-01-21 23:36:06.701 [main] INFO  o.s.c.s.PostProcessorRegistrationDelegate$BeanPostProcessorChecker - Bean 'org.springframework.boot.autoconfigure.cache.CacheAutoConfiguration' of type [org.springframework.boot.autoconfigure.cache.CacheAutoConfiguration$$EnhancerBySpringCGLIB$$e032333a] is not eligible for getting processed by all BeanPostProcessors (for example: not eligible for auto-proxying)
2018-01-21 23:36:06.732 [main] INFO  o.s.c.s.PostProcessorRegistrationDelegate$BeanPostProcessorChecker - Bean 'spring.cache-org.springframework.boot.autoconfigure.cache.CacheProperties' of type [org.springframework.boot.autoconfigure.cache.CacheProperties] is not eligible for getting processed by all BeanPostProcessors (for example: not eligible for auto-proxying)
2018-01-21 23:36:06.748 [main] INFO  o.s.c.s.PostProcessorRegistrationDelegate$BeanPostProcessorChecker - Bean 'org.springframework.boot.autoconfigure.cache.CacheManagerCustomizers' of type [org.springframework.boot.autoconfigure.cache.CacheManagerCustomizers] is not eligible for getting processed by all BeanPostProcessors (for example: not eligible for auto-proxying)
2018-01-21 23:36:06.755 [main] INFO  o.s.c.s.PostProcessorRegistrationDelegate$BeanPostProcessorChecker - Bean 'org.springframework.boot.autoconfigure.cache.RedisCacheConfiguration' of type [org.springframework.boot.autoconfigure.cache.RedisCacheConfiguration$$EnhancerBySpringCGLIB$$90c3cf94] is not eligible for getting processed by all BeanPostProcessors (for example: not eligible for auto-proxying)
2018-01-21 23:36:06.788 [main] INFO  o.s.c.s.PostProcessorRegistrationDelegate$BeanPostProcessorChecker - Bean 'redisTemplate' of type [org.springframework.data.redis.core.RedisTemplate] is not eligible for getting processed by all BeanPostProcessors (for example: not eligible for auto-proxying)
2018-01-21 23:36:06.865 [main] INFO  o.s.c.s.PostProcessorRegistrationDelegate$BeanPostProcessorChecker - Bean 'cacheManager' of type [org.springframework.data.redis.cache.RedisCacheManager] is not eligible for getting processed by all BeanPostProcessors (for example: not eligible for auto-proxying)
2018-01-21 23:36:06.885 [main] INFO  o.s.c.s.PostProcessorRegistrationDelegate$BeanPostProcessorChecker - Bean 'cacheAutoConfigurationValidator' of type [org.springframework.boot.autoconfigure.cache.CacheAutoConfiguration$CacheManagerValidator] is not eligible for getting processed by all BeanPostProcessors (for example: not eligible for auto-proxying)
2018-01-21 23:36:06.951 [main] INFO  o.s.c.s.PostProcessorRegistrationDelegate$BeanPostProcessorChecker - Bean 'org.springframework.transaction.annotation.ProxyTransactionManagementConfiguration' of type [org.springframework.transaction.annotation.ProxyTransactionManagementConfiguration$$EnhancerBySpringCGLIB$$a2ac3878] is not eligible for getting processed by all BeanPostProcessors (for example: not eligible for auto-proxying)
2018-01-21 23:36:08.113 [main] INFO  o.s.b.c.e.tomcat.TomcatEmbeddedServletContainer - Tomcat initialized with port(s): 8090 (http)
2018-01-21 23:36:08.162 [main] INFO  org.apache.catalina.core.StandardService - Starting service [Tomcat]
2018-01-21 23:36:08.164 [main] INFO  org.apache.catalina.core.StandardEngine - Starting Servlet Engine: Apache Tomcat/8.5.15
2018-01-21 23:36:09.368 [localhost-startStop-1] INFO  org.apache.jasper.servlet.TldScanner - At least one JAR was scanned for TLDs yet contained no TLDs. Enable debug logging for this logger for a complete list of JARs that were scanned but no TLDs were found in them. Skipping unneeded JARs during scanning can improve startup time and JSP compilation time.
2018-01-21 23:36:09.384 [localhost-startStop-1] INFO  o.a.c.core.ContainerBase.[Tomcat].[localhost].[/] - Initializing Spring embedded WebApplicationContext
2018-01-21 23:36:09.385 [localhost-startStop-1] INFO  org.springframework.web.context.ContextLoader - Root WebApplicationContext: initialization completed in 15810 ms
2018-01-21 23:36:10.288 [localhost-startStop-1] INFO  o.s.boot.web.servlet.FilterRegistrationBean - Mapping filter: 'metricsFilter' to: [/*]
2018-01-21 23:36:10.288 [localhost-startStop-1] INFO  o.s.boot.web.servlet.FilterRegistrationBean - Mapping filter: 'characterEncodingFilter' to: [/*]
2018-01-21 23:36:10.289 [localhost-startStop-1] INFO  o.s.boot.web.servlet.FilterRegistrationBean - Mapping filter: 'hiddenHttpMethodFilter' to: [/*]
2018-01-21 23:36:10.289 [localhost-startStop-1] INFO  o.s.boot.web.servlet.FilterRegistrationBean - Mapping filter: 'httpPutFormContentFilter' to: [/*]
2018-01-21 23:36:10.289 [localhost-startStop-1] INFO  o.s.boot.web.servlet.FilterRegistrationBean - Mapping filter: 'requestContextFilter' to: [/*]
2018-01-21 23:36:10.289 [localhost-startStop-1] INFO  o.s.boot.web.servlet.FilterRegistrationBean - Mapping filter: 'webRequestLoggingFilter' to: [/*]
2018-01-21 23:36:10.290 [localhost-startStop-1] INFO  o.s.boot.web.servlet.FilterRegistrationBean - Mapping filter: 'webStatFilter' to urls: [/*]
2018-01-21 23:36:10.290 [localhost-startStop-1] INFO  o.s.boot.web.servlet.FilterRegistrationBean - Mapping filter: 'shiroFilter' to: [/*]
2018-01-21 23:36:10.291 [localhost-startStop-1] INFO  o.s.boot.web.servlet.FilterRegistrationBean - Mapping filter: 'applicationContextIdFilter' to: [/*]
2018-01-21 23:36:10.291 [localhost-startStop-1] INFO  o.s.boot.web.servlet.ServletRegistrationBean - Mapping servlet: 'statViewServlet' to [/druid/*]
2018-01-21 23:36:10.293 [localhost-startStop-1] INFO  o.s.boot.web.servlet.ServletRegistrationBean - Mapping servlet: 'dispatcherServlet' to [/]
2018-01-21 23:36:10.827 [main] INFO  o.s.orm.jpa.LocalContainerEntityManagerFactoryBean - Building JPA container EntityManagerFactory for persistence unit 'default'
2018-01-21 23:36:10.850 [main] INFO  org.hibernate.jpa.internal.util.LogHelper - HHH000204: Processing PersistenceUnitInfo [
	name: default
	...]
2018-01-21 23:36:11.048 [main] INFO  org.hibernate.Version - HHH000412: Hibernate Core {5.0.12.Final}
2018-01-21 23:36:11.050 [main] INFO  org.hibernate.cfg.Environment - HHH000206: hibernate.properties not found
2018-01-21 23:36:11.053 [main] INFO  org.hibernate.cfg.Environment - HHH000021: Bytecode provider name : javassist
2018-01-21 23:36:11.172 [main] INFO  org.hibernate.annotations.common.Version - HCANN000001: Hibernate Commons Annotations {5.0.1.Final}
2018-01-21 23:36:11.764 [main] INFO  org.hibernate.dialect.Dialect - HHH000400: Using dialect: org.hibernate.dialect.MySQL5Dialect
2018-01-21 23:36:12.346 [main] INFO  o.s.orm.jpa.LocalContainerEntityManagerFactoryBean - Initialized JPA EntityManagerFactory for persistence unit 'default'
2018-01-21 23:36:12.414 [main] INFO  c.v.l.c.RedisConfig$$EnhancerBySpringCGLIB$$6095c4cd - JedisPool注入成功！！
2018-01-21 23:36:12.415 [main] INFO  c.v.l.c.RedisConfig$$EnhancerBySpringCGLIB$$6095c4cd - redis地址：localhost:6379
2018-01-21 23:36:20.573 [main] INFO  o.a.c.core.ContainerBase.[Tomcat].[localhost].[/] - jolokia: No access restrictor found, access to any MBean is allowed
2018-01-21 23:36:21.219 [main] INFO  o.s.w.s.m.m.a.RequestMappingHandlerMapping - Mapped "{[/light/lightSave],methods=[POST]}" onto public java.lang.String com.viroyal.light.module.light.controller.SysLightController.saveLight(com.viroyal.light.module.light.entity.SysLight)
2018-01-21 23:36:21.221 [main] INFO  o.s.w.s.m.m.a.RequestMappingHandlerMapping - Mapped "{[/light/lightUpdate],methods=[POST]}" onto public java.lang.String com.viroyal.light.module.light.controller.SysLightController.updateLight(com.viroyal.light.module.light.entity.SysLight)
2018-01-21 23:36:21.221 [main] INFO  o.s.w.s.m.m.a.RequestMappingHandlerMapping - Mapped "{[/light/lightDelete],methods=[GET]}" onto public java.lang.String com.viroyal.light.module.light.controller.SysLightController.deleteLight(java.lang.String[])
2018-01-21 23:36:21.222 [main] INFO  o.s.w.s.m.m.a.RequestMappingHandlerMapping - Mapped "{[/light/queryWithCondition],methods=[POST]}" onto public java.lang.String com.viroyal.light.module.light.controller.SysLightController.queryWithCondition(java.util.Map<java.lang.String, java.lang.Object>)
2018-01-21 23:36:21.229 [main] INFO  o.s.w.s.m.m.a.RequestMappingHandlerMapping - Mapped "{[/lightInfo/lightInfoList],methods=[GET]}" onto public java.lang.String com.viroyal.light.module.light.controller.SysLightInfoController.lightInfoList()
2018-01-21 23:36:21.230 [main] INFO  o.s.w.s.m.m.a.RequestMappingHandlerMapping - Mapped "{[/lightInfo/queryCityLight],methods=[GET]}" onto public java.lang.String com.viroyal.light.module.light.controller.SysLightInfoController.queryCityLight(java.lang.String)
2018-01-21 23:36:21.230 [main] INFO  o.s.w.s.m.m.a.RequestMappingHandlerMapping - Mapped "{[/lightInfo/queryAreaLight],methods=[GET]}" onto public java.lang.String com.viroyal.light.module.light.controller.SysLightInfoController.queryAreaLight(java.lang.String)
2018-01-21 23:36:21.231 [main] INFO  o.s.w.s.m.m.a.RequestMappingHandlerMapping - Mapped "{[/lightInfo/queryStreetLight],methods=[GET]}" onto public java.lang.String com.viroyal.light.module.light.controller.SysLightInfoController.queryByStreet(java.lang.String)
2018-01-21 23:36:21.231 [main] INFO  o.s.w.s.m.m.a.RequestMappingHandlerMapping - Mapped "{[/lightInfo/queryGroupLight],methods=[GET]}" onto public java.lang.String com.viroyal.light.module.light.controller.SysLightInfoController.queryByGroup(java.lang.String)
2018-01-21 23:36:21.232 [main] INFO  o.s.w.s.m.m.a.RequestMappingHandlerMapping - Mapped "{[/lightInfo/queryUserLight],methods=[GET]}" onto public java.lang.String com.viroyal.light.module.light.controller.SysLightInfoController.queryByUser(java.lang.String)
2018-01-21 23:36:21.232 [main] INFO  o.s.w.s.m.m.a.RequestMappingHandlerMapping - Mapped "{[/lightInfo/queryStatusLight],methods=[GET]}" onto public java.lang.String com.viroyal.light.module.light.controller.SysLightInfoController.queryByStatus(java.lang.String)
2018-01-21 23:36:21.233 [main] INFO  o.s.w.s.m.m.a.RequestMappingHandlerMapping - Mapped "{[/lightInfo/getLightInfo],methods=[GET]}" onto public java.lang.String com.viroyal.light.module.light.controller.SysLightInfoController.getLightInfo(java.lang.String)
2018-01-21 23:36:21.233 [main] INFO  o.s.w.s.m.m.a.RequestMappingHandlerMapping - Mapped "{[/lightInfo/lightInfoSave],methods=[POST]}" onto public java.lang.String com.viroyal.light.module.light.controller.SysLightInfoController.saveLightInfo(com.viroyal.light.module.light.entity.SysLightInfo)
2018-01-21 23:36:21.234 [main] INFO  o.s.w.s.m.m.a.RequestMappingHandlerMapping - Mapped "{[/lightInfo/lightInfoDelete],methods=[GET]}" onto public java.lang.String com.viroyal.light.module.light.controller.SysLightInfoController.deleteLightInfo(java.lang.String[])
2018-01-21 23:36:21.235 [main] INFO  o.s.w.s.m.m.a.RequestMappingHandlerMapping - Mapped "{[/lightInfo/lightInfoUpdate],methods=[POST]}" onto public java.lang.String com.viroyal.light.module.light.controller.SysLightInfoController.updateLightInfo(com.viroyal.light.module.light.entity.SysLightInfo)
2018-01-21 23:36:21.236 [main] INFO  o.s.w.s.m.m.a.RequestMappingHandlerMapping - Mapped "{[/lightInfo/queryWithCondition],methods=[POST]}" onto public java.lang.String com.viroyal.light.module.light.controller.SysLightInfoController.queryWithCondition(java.util.Map<java.lang.String, java.lang.Object>)
2018-01-21 23:36:21.238 [main] INFO  o.s.w.s.m.m.a.RequestMappingHandlerMapping - Mapped "{[/lightStrategy/strategyUpdate],methods=[POST]}" onto public java.lang.String com.viroyal.light.module.light.controller.SysLightStrategyController.updateStrategy(com.viroyal.light.module.light.entity.SysLightStrategy)
2018-01-21 23:36:21.238 [main] INFO  o.s.w.s.m.m.a.RequestMappingHandlerMapping - Mapped "{[/lightStrategy/strategySave],methods=[POST]}" onto public java.lang.String com.viroyal.light.module.light.controller.SysLightStrategyController.saveStrategy(com.viroyal.light.module.light.entity.SysLightStrategy)
2018-01-21 23:36:21.239 [main] INFO  o.s.w.s.m.m.a.RequestMappingHandlerMapping - Mapped "{[/lightStrategy/strategyDelete],methods=[GET]}" onto public java.lang.String com.viroyal.light.module.light.controller.SysLightStrategyController.deleteStrategy(java.lang.String[])
2018-01-21 23:36:21.239 [main] INFO  o.s.w.s.m.m.a.RequestMappingHandlerMapping - Mapped "{[/lightStrategy/queryWithCondition],methods=[POST]}" onto public java.lang.String com.viroyal.light.module.light.controller.SysLightStrategyController.queryWithCondition(java.util.Map<java.lang.String, java.lang.Object>)
2018-01-21 23:36:21.242 [main] INFO  o.s.w.s.m.m.a.RequestMappingHandlerMapping - Mapped "{[/region/cityList],methods=[GET]}" onto public java.lang.String com.viroyal.light.module.location.controller.SysRegionController.getCityList()
2018-01-21 23:36:21.242 [main] INFO  o.s.w.s.m.m.a.RequestMappingHandlerMapping - Mapped "{[/region/areaList],methods=[GET]}" onto public java.lang.String com.viroyal.light.module.location.controller.SysRegionController.getAreaList()
2018-01-21 23:36:21.243 [main] INFO  o.s.w.s.m.m.a.RequestMappingHandlerMapping - Mapped "{[/region/streetList],methods=[GET]}" onto public java.lang.String com.viroyal.light.module.location.controller.SysRegionController.getStreetList()
2018-01-21 23:36:21.243 [main] INFO  o.s.w.s.m.m.a.RequestMappingHandlerMapping - Mapped "{[/region/regionSave],methods=[POST]}" onto public java.lang.String com.viroyal.light.module.location.controller.SysRegionController.saveRegion(com.viroyal.light.module.location.entity.SysRegion)
2018-01-21 23:36:21.243 [main] INFO  o.s.w.s.m.m.a.RequestMappingHandlerMapping - Mapped "{[/region/saveStreet],methods=[POST]}" onto public java.lang.String com.viroyal.light.module.location.controller.SysRegionController.saveStreet(com.viroyal.light.module.location.entity.SysRegion)
2018-01-21 23:36:21.244 [main] INFO  o.s.w.s.m.m.a.RequestMappingHandlerMapping - Mapped "{[/region/regionDelete],methods=[GET]}" onto public java.lang.String com.viroyal.light.module.location.controller.SysRegionController.deleteRegion(java.lang.String[])
2018-01-21 23:36:21.245 [main] INFO  o.s.w.s.m.m.a.RequestMappingHandlerMapping - Mapped "{[/region/regionUpdate],methods=[POST]}" onto public java.lang.String com.viroyal.light.module.location.controller.SysRegionController.updateRegion(com.viroyal.light.module.location.entity.SysRegion)
2018-01-21 23:36:21.245 [main] INFO  o.s.w.s.m.m.a.RequestMappingHandlerMapping - Mapped "{[/region/getAreaStreet],methods=[GET]}" onto public java.lang.String com.viroyal.light.module.location.controller.SysRegionController.getAreaStreet(java.lang.String)
2018-01-21 23:36:21.246 [main] INFO  o.s.w.s.m.m.a.RequestMappingHandlerMapping - Mapped "{[/region/getAreaByCity],methods=[GET]}" onto public java.lang.String com.viroyal.light.module.location.controller.SysRegionController.getAreaByCity(java.lang.String)
2018-01-21 23:36:21.247 [main] INFO  o.s.w.s.m.m.a.RequestMappingHandlerMapping - Mapped "{[/region/queryWithCondition],methods=[POST]}" onto public java.lang.String com.viroyal.light.module.location.controller.SysRegionController.queryWithCondition(java.util.Map<java.lang.String, java.lang.Object>)
2018-01-21 23:36:21.249 [main] INFO  o.s.w.s.m.m.a.RequestMappingHandlerMapping - Mapped "{[/redis/getKeysSize]}" onto public java.lang.String com.viroyal.light.module.user.controller.RedisController.getKeysSize()
2018-01-21 23:36:21.250 [main] INFO  o.s.w.s.m.m.a.RequestMappingHandlerMapping - Mapped "{[/redis/logEmpty]}" onto public java.lang.String com.viroyal.light.module.user.controller.RedisController.logEmpty()
2018-01-21 23:36:21.251 [main] INFO  o.s.w.s.m.m.a.RequestMappingHandlerMapping - Mapped "{[/redis/getMemeryInfo]}" onto public java.lang.String com.viroyal.light.module.user.controller.RedisController.getMemeryInfo()
2018-01-21 23:36:21.251 [main] INFO  o.s.w.s.m.m.a.RequestMappingHandlerMapping - Mapped "{[/redis/redisMonitor]}" onto public java.lang.String com.viroyal.light.module.user.controller.RedisController.redisMonitor(org.springframework.ui.Model)
2018-01-21 23:36:21.253 [main] INFO  o.s.w.s.m.m.a.RequestMappingHandlerMapping - Mapped "{[/index],methods=[GET]}" onto public java.lang.String com.viroyal.light.module.user.controller.SysLoginController.index()
2018-01-21 23:36:21.254 [main] INFO  o.s.w.s.m.m.a.RequestMappingHandlerMapping - Mapped "{[/add],methods=[GET]}" onto public java.lang.String com.viroyal.light.module.user.controller.SysLoginController.add()
2018-01-21 23:36:21.254 [main] INFO  o.s.w.s.m.m.a.RequestMappingHandlerMapping - Mapped "{[/kickout],methods=[GET]}" onto public java.lang.String com.viroyal.light.module.user.controller.SysLoginController.kickout()
2018-01-21 23:36:21.255 [main] INFO  o.s.w.s.m.m.a.RequestMappingHandlerMapping - Mapped "{[/updatePermission],methods=[GET]}" onto public java.lang.String com.viroyal.light.module.user.controller.SysLoginController.updatePermission()
2018-01-21 23:36:21.255 [main] INFO  o.s.w.s.m.m.a.RequestMappingHandlerMapping - Mapped "{[/userLogin],methods=[POST]}" onto public java.lang.String com.viroyal.light.module.user.controller.SysLoginController.login(java.lang.String,java.lang.String)
2018-01-21 23:36:21.255 [main] INFO  o.s.w.s.m.m.a.RequestMappingHandlerMapping - Mapped "{[/login],methods=[GET]}" onto public java.lang.String com.viroyal.light.module.user.controller.SysLoginController.login()
2018-01-21 23:36:21.256 [main] INFO  o.s.w.s.m.m.a.RequestMappingHandlerMapping - Mapped "{[/403],methods=[GET]}" onto public java.lang.String com.viroyal.light.module.user.controller.SysLoginController.noPermissions()
2018-01-21 23:36:21.256 [main] INFO  o.s.w.s.m.m.a.RequestMappingHandlerMapping - Mapped "{[/kickouting],methods=[GET]}" onto public java.lang.String com.viroyal.light.module.user.controller.SysLoginController.kickouting()
2018-01-21 23:36:21.257 [main] INFO  o.s.w.s.m.m.a.RequestMappingHandlerMapping - Mapped "{[/logout],methods=[GET]}" onto public java.util.Map<java.lang.String, java.lang.Object> com.viroyal.light.module.user.controller.SysLoginController.logout()
2018-01-21 23:36:21.258 [main] INFO  o.s.w.s.m.m.a.RequestMappingHandlerMapping - Mapped "{[/userLogout],methods=[GET]}" onto public java.util.Map<java.lang.String, java.lang.Object> com.viroyal.light.module.user.controller.SysLoginController.userLogout()
2018-01-21 23:36:21.259 [main] INFO  o.s.w.s.m.m.a.RequestMappingHandlerMapping - Mapped "{[/ajaxLogin],methods=[POST]}" onto public java.util.Map<java.lang.String, java.lang.Object> com.viroyal.light.module.user.controller.SysLoginController.submitLogin(java.lang.String,java.lang.String,java.lang.String,java.lang.Boolean,org.springframework.ui.Model)
2018-01-21 23:36:21.259 [main] INFO  o.s.w.s.m.m.a.RequestMappingHandlerMapping - Mapped "{[/getGifCode],methods=[GET]}" onto public void com.viroyal.light.module.user.controller.SysLoginController.getGifCode(javax.servlet.http.HttpServletResponse,javax.servlet.http.HttpServletRequest)
2018-01-21 23:36:21.262 [main] INFO  o.s.w.s.m.m.a.RequestMappingHandlerMapping - Mapped "{[/permission/delete],methods=[GET]}" onto public java.lang.String com.viroyal.light.module.user.controller.SysPermissionController.delete(java.lang.String[])
2018-01-21 23:36:21.263 [main] INFO  o.s.w.s.m.m.a.RequestMappingHandlerMapping - Mapped "{[/permission/queryWithCondition],methods=[POST]}" onto public java.lang.String com.viroyal.light.module.user.controller.SysPermissionController.queryWithCondition(java.util.Map<java.lang.String, java.lang.Object>)
2018-01-21 23:36:21.263 [main] INFO  o.s.w.s.m.m.a.RequestMappingHandlerMapping - Mapped "{[/permission/getPermissionListWithPager],methods=[GET]}" onto public java.lang.String com.viroyal.light.module.user.controller.SysPermissionController.getPermissionListWithPager(com.viroyal.light.common.page.FrontPage<com.viroyal.light.module.user.entity.SysPermission>)
2018-01-21 23:36:21.264 [main] INFO  o.s.w.s.m.m.a.RequestMappingHandlerMapping - Mapped "{[/permission/edit],methods=[POST]}" onto public java.lang.String com.viroyal.light.module.user.controller.SysPermissionController.edit(com.viroyal.light.module.user.entity.SysPermission,org.springframework.ui.Model)
2018-01-21 23:36:21.264 [main] INFO  o.s.w.s.m.m.a.RequestMappingHandlerMapping - Mapped "{[/permission/permissionList],methods=[GET]}" onto public java.lang.String com.viroyal.light.module.user.controller.SysPermissionController.permissionList()
2018-01-21 23:36:21.264 [main] INFO  o.s.w.s.m.m.a.RequestMappingHandlerMapping - Mapped "{[/permission/editPage/{Id}],methods=[GET]}" onto public java.lang.String com.viroyal.light.module.user.controller.SysPermissionController.editPage(java.lang.String,org.springframework.ui.Model)
2018-01-21 23:36:21.265 [main] INFO  o.s.w.s.m.m.a.RequestMappingHandlerMapping - Mapped "{[/permission/permissionPage],methods=[GET]}" onto public java.lang.String com.viroyal.light.module.user.controller.SysPermissionController.permissionPage(java.lang.String,org.springframework.ui.Model)
2018-01-21 23:36:21.265 [main] INFO  o.s.w.s.m.m.a.RequestMappingHandlerMapping - Mapped "{[/permission/permissionSave],methods=[POST]}" onto public java.lang.String com.viroyal.light.module.user.controller.SysPermissionController.permissionSave(com.viroyal.light.module.user.entity.SysPermission)
2018-01-21 23:36:21.265 [main] INFO  o.s.w.s.m.m.a.RequestMappingHandlerMapping - Mapped "{[/permission/permissionDelete],methods=[POST]}" onto public java.lang.String com.viroyal.light.module.user.controller.SysPermissionController.permissionDelete(java.lang.String[])
2018-01-21 23:36:21.266 [main] INFO  o.s.w.s.m.m.a.RequestMappingHandlerMapping - Mapped "{[/permission/permissionUpdate],methods=[POST]}" onto public java.lang.String com.viroyal.light.module.user.controller.SysPermissionController.permissionUpdate(com.viroyal.light.module.user.entity.SysPermission)
2018-01-21 23:36:21.268 [main] INFO  o.s.w.s.m.m.a.RequestMappingHandlerMapping - Mapped "{[/permissionInit/delete]}" onto public java.lang.String com.viroyal.light.module.user.controller.SysPermissionInitController.delete(java.lang.String[])
2018-01-21 23:36:21.268 [main] INFO  o.s.w.s.m.m.a.RequestMappingHandlerMapping - Mapped "{[/permissionInit/getPermissionInitListWithPager]}" onto public java.lang.String com.viroyal.light.module.user.controller.SysPermissionInitController.getPermissionInitListWithPager(com.viroyal.light.common.page.FrontPage<com.viroyal.light.module.user.entity.SysPermissionInit>)
2018-01-21 23:36:21.268 [main] INFO  o.s.w.s.m.m.a.RequestMappingHandlerMapping - Mapped "{[/permissionInit/edit]}" onto public java.lang.String com.viroyal.light.module.user.controller.SysPermissionInitController.edit(com.viroyal.light.module.user.entity.SysPermissionInit,org.springframework.ui.Model)
2018-01-21 23:36:21.269 [main] INFO  o.s.w.s.m.m.a.RequestMappingHandlerMapping - Mapped "{[/permissionInit/editPage/{Id}]}" onto public java.lang.String com.viroyal.light.module.user.controller.SysPermissionInitController.editPage(java.lang.String,org.springframework.ui.Model)
2018-01-21 23:36:21.269 [main] INFO  o.s.w.s.m.m.a.RequestMappingHandlerMapping - Mapped "{[/permissionInit/permissionInitPage]}" onto public java.lang.String com.viroyal.light.module.user.controller.SysPermissionInitController.userPage(java.lang.String,org.springframework.ui.Model)
2018-01-21 23:36:21.273 [main] INFO  o.s.w.s.m.m.a.RequestMappingHandlerMapping - Mapped "{[/role/updateRole],methods=[POST]}" onto public java.lang.String com.viroyal.light.module.user.controller.SysRoleController.update(com.viroyal.light.module.user.entity.SysRole)
2018-01-21 23:36:21.274 [main] INFO  o.s.w.s.m.m.a.RequestMappingHandlerMapping - Mapped "{[/role/deleteRole],methods=[POST]}" onto public java.lang.String com.viroyal.light.module.user.controller.SysRoleController.delete(java.lang.String[])
2018-01-21 23:36:21.274 [main] INFO  o.s.w.s.m.m.a.RequestMappingHandlerMapping - Mapped "{[/role/forward/save],methods=[GET]}" onto public java.lang.String com.viroyal.light.module.user.controller.SysRoleController.save()
2018-01-21 23:36:21.274 [main] INFO  o.s.w.s.m.m.a.RequestMappingHandlerMapping - Mapped "{[/role/saveRole],methods=[POST]}" onto public java.lang.String com.viroyal.light.module.user.controller.SysRoleController.save(com.viroyal.light.module.user.entity.SysRole)
2018-01-21 23:36:21.275 [main] INFO  o.s.w.s.m.m.a.RequestMappingHandlerMapping - Mapped "{[/role/rolePage],methods=[GET]}" onto public java.lang.String com.viroyal.light.module.user.controller.SysRoleController.role(java.lang.String,org.springframework.ui.Model)
2018-01-21 23:36:21.275 [main] INFO  o.s.w.s.m.m.a.RequestMappingHandlerMapping - Mapped "{[/role/queryWithCondition],methods=[POST]}" onto public java.lang.String com.viroyal.light.module.user.controller.SysRoleController.queryWithCondition(java.util.Map<java.lang.String, java.lang.Object>)
2018-01-21 23:36:21.276 [main] INFO  o.s.w.s.m.m.a.RequestMappingHandlerMapping - Mapped "{[/role/getRoleListWithPager],methods=[GET]}" onto public java.lang.String com.viroyal.light.module.user.controller.SysRoleController.getRoleListWithPager(com.viroyal.light.common.page.FrontPage<com.viroyal.light.module.user.entity.SysRole>)
2018-01-21 23:36:21.276 [main] INFO  o.s.w.s.m.m.a.RequestMappingHandlerMapping - Mapped "{[/role/dispatchPermission],methods=[POST]}" onto public java.lang.String com.viroyal.light.module.user.controller.SysRoleController.dispatchPermission(java.lang.String,java.lang.String)
2018-01-21 23:36:21.277 [main] INFO  o.s.w.s.m.m.a.RequestMappingHandlerMapping - Mapped "{[/role/updateRolePermission],methods=[POST]}" onto public java.lang.String com.viroyal.light.module.user.controller.SysRoleController.updateRolePermission(com.viroyal.light.module.user.entity.SysRolePermission)
2018-01-21 23:36:21.278 [main] INFO  o.s.w.s.m.m.a.RequestMappingHandlerMapping - Mapped "{[/role/deleteRolePermission],methods=[POST]}" onto public java.lang.String com.viroyal.light.module.user.controller.SysRoleController.deleteRolePermission(java.lang.String[])
2018-01-21 23:36:21.278 [main] INFO  o.s.w.s.m.m.a.RequestMappingHandlerMapping - Mapped "{[/role/editPage/{Id}],methods=[GET]}" onto public java.lang.String com.viroyal.light.module.user.controller.SysRoleController.editPage(java.lang.String,org.springframework.ui.Model)
2018-01-21 23:36:21.279 [main] INFO  o.s.w.s.m.m.a.RequestMappingHandlerMapping - Mapped "{[/role/delete],methods=[GET]}" onto public java.lang.String com.viroyal.light.module.user.controller.SysRoleController.deleteRole(java.lang.String[])
2018-01-21 23:36:21.279 [main] INFO  o.s.w.s.m.m.a.RequestMappingHandlerMapping - Mapped "{[/role/list],methods=[GET]}" onto public java.lang.String com.viroyal.light.module.user.controller.SysRoleController.getRoleList()
2018-01-21 23:36:21.279 [main] INFO  o.s.w.s.m.m.a.RequestMappingHandlerMapping - Mapped "{[/role/edit],methods=[GET]}" onto public java.lang.String com.viroyal.light.module.user.controller.SysRoleController.editRole(com.viroyal.light.module.user.entity.SysRole)
2018-01-21 23:36:21.280 [main] INFO  o.s.w.s.m.m.a.RequestMappingHandlerMapping - Mapped "{[/role/save],methods=[GET]}" onto public java.lang.String com.viroyal.light.module.user.controller.SysRoleController.saveRole(com.viroyal.light.module.user.entity.SysRole)
2018-01-21 23:36:21.284 [main] INFO  o.s.w.s.m.m.a.RequestMappingHandlerMapping - Mapped "{[/user/userUpdate],methods=[POST]}" onto public java.lang.String com.viroyal.light.module.user.controller.SysUserController.update(com.viroyal.light.module.user.entity.SysUser)
2018-01-21 23:36:21.284 [main] INFO  o.s.w.s.m.m.a.RequestMappingHandlerMapping - Mapped "{[/user/forward/save],methods=[GET]}" onto public java.lang.String com.viroyal.light.module.user.controller.SysUserController.save()
2018-01-21 23:36:21.284 [main] INFO  o.s.w.s.m.m.a.RequestMappingHandlerMapping - Mapped "{[/user/kickout],methods=[GET]}" onto public java.lang.String com.viroyal.light.module.user.controller.SysUserController.kickout(java.lang.String[])
2018-01-21 23:36:21.285 [main] INFO  o.s.w.s.m.m.a.RequestMappingHandlerMapping - Mapped "{[/user/getUserListWithPager],methods=[GET]}" onto public java.lang.String com.viroyal.light.module.user.controller.SysUserController.getUserListWithPager(com.viroyal.light.common.page.FrontPage<com.viroyal.light.module.user.entity.SysUser>)
2018-01-21 23:36:21.286 [main] INFO  o.s.w.s.m.m.a.RequestMappingHandlerMapping - Mapped "{[/user/editPage/{Id}],methods=[GET]}" onto public java.lang.String com.viroyal.light.module.user.controller.SysUserController.editPage(java.lang.String,org.springframework.ui.Model)
2018-01-21 23:36:21.286 [main] INFO  o.s.w.s.m.m.a.RequestMappingHandlerMapping - Mapped "{[/user/getUserPage],methods=[GET]}" onto public java.lang.String com.viroyal.light.module.user.controller.SysUserController.userPage(java.util.Map<java.lang.String, java.lang.Object>)
2018-01-21 23:36:21.287 [main] INFO  o.s.w.s.m.m.a.RequestMappingHandlerMapping - Mapped "{[/user/userPage],methods=[GET]}" onto public java.lang.String com.viroyal.light.module.user.controller.SysUserController.userPage(java.lang.String,org.springframework.ui.Model)
2018-01-21 23:36:21.287 [main] INFO  o.s.w.s.m.m.a.RequestMappingHandlerMapping - Mapped "{[/user/userSave],methods=[POST]}" onto public java.lang.String com.viroyal.light.module.user.controller.SysUserController.saveUser(com.viroyal.light.module.user.entity.SysUser)
2018-01-21 23:36:21.288 [main] INFO  o.s.w.s.m.m.a.RequestMappingHandlerMapping - Mapped "{[/user/getUser],methods=[GET]}" onto public java.lang.String com.viroyal.light.module.user.controller.SysUserController.getUser(java.lang.String)
2018-01-21 23:36:21.288 [main] INFO  o.s.w.s.m.m.a.RequestMappingHandlerMapping - Mapped "{[/user/edit],methods=[POST]}" onto public java.lang.String com.viroyal.light.module.user.controller.SysUserController.updateUser(com.viroyal.light.module.user.entity.SysUser,java.lang.String)
2018-01-21 23:36:21.288 [main] INFO  o.s.w.s.m.m.a.RequestMappingHandlerMapping - Mapped "{[/user/userList],methods=[GET]}" onto public java.lang.String com.viroyal.light.module.user.controller.SysUserController.getUserList()
2018-01-21 23:36:21.289 [main] INFO  o.s.w.s.m.m.a.RequestMappingHandlerMapping - Mapped "{[/user/userDelete],methods=[GET]}" onto public java.lang.String com.viroyal.light.module.user.controller.SysUserController.userBatchUpdate(java.lang.String[])
2018-01-21 23:36:21.289 [main] INFO  o.s.w.s.m.m.a.RequestMappingHandlerMapping - Mapped "{[/user/onlineUserPage],methods=[GET]}" onto public java.lang.String com.viroyal.light.module.user.controller.SysUserController.onlineUserPage()
2018-01-21 23:36:21.289 [main] INFO  o.s.w.s.m.m.a.RequestMappingHandlerMapping - Mapped "{[/user/onlineUsers],methods=[GET]}" onto public java.lang.String com.viroyal.light.module.user.controller.SysUserController.OnlineUsers(com.viroyal.light.common.page.FrontPage<com.viroyal.light.module.user.entity.UserOnlineBo>)
2018-01-21 23:36:21.290 [main] INFO  o.s.w.s.m.m.a.RequestMappingHandlerMapping - Mapped "{[/v2/api-docs],methods=[GET],produces=[application/json || application/hal+json]}" onto public org.springframework.http.ResponseEntity<springfox.documentation.spring.web.json.Json> springfox.documentation.swagger2.web.Swagger2Controller.getDocumentation(java.lang.String,javax.servlet.http.HttpServletRequest)
2018-01-21 23:36:21.295 [main] INFO  o.s.w.s.m.m.a.RequestMappingHandlerMapping - Mapped "{[/swagger-resources/configuration/ui]}" onto org.springframework.http.ResponseEntity<springfox.documentation.swagger.web.UiConfiguration> springfox.documentation.swagger.web.ApiResourceController.uiConfiguration()
2018-01-21 23:36:21.296 [main] INFO  o.s.w.s.m.m.a.RequestMappingHandlerMapping - Mapped "{[/swagger-resources]}" onto org.springframework.http.ResponseEntity<java.util.List<springfox.documentation.swagger.web.SwaggerResource>> springfox.documentation.swagger.web.ApiResourceController.swaggerResources()
2018-01-21 23:36:21.298 [main] INFO  o.s.w.s.m.m.a.RequestMappingHandlerMapping - Mapped "{[/swagger-resources/configuration/security]}" onto org.springframework.http.ResponseEntity<springfox.documentation.swagger.web.SecurityConfiguration> springfox.documentation.swagger.web.ApiResourceController.securityConfiguration()
2018-01-21 23:36:21.302 [main] INFO  o.s.w.s.m.m.a.RequestMappingHandlerMapping - Mapped "{[/error]}" onto public org.springframework.http.ResponseEntity<java.util.Map<java.lang.String, java.lang.Object>> org.springframework.boot.autoconfigure.web.BasicErrorController.error(javax.servlet.http.HttpServletRequest)
2018-01-21 23:36:21.302 [main] INFO  o.s.w.s.m.m.a.RequestMappingHandlerMapping - Mapped "{[/error],produces=[text/html]}" onto public org.springframework.web.servlet.ModelAndView org.springframework.boot.autoconfigure.web.BasicErrorController.errorHtml(javax.servlet.http.HttpServletRequest,javax.servlet.http.HttpServletResponse)
2018-01-21 23:36:22.395 [main] INFO  o.s.b.actuate.endpoint.mvc.EndpointHandlerMapping - Mapped "{[/health || /health.json],produces=[application/json]}" onto public java.lang.Object org.springframework.boot.actuate.endpoint.mvc.HealthMvcEndpoint.invoke(java.security.Principal)
2018-01-21 23:36:22.397 [main] INFO  o.s.b.actuate.endpoint.mvc.EndpointHandlerMapping - Mapped "{[/mappings || /mappings.json],methods=[GET],produces=[application/json]}" onto public java.lang.Object org.springframework.boot.actuate.endpoint.mvc.EndpointMvcAdapter.invoke()
2018-01-21 23:36:22.399 [main] INFO  o.s.b.actuate.endpoint.mvc.EndpointHandlerMapping - Mapped "{[/jolokia/**]}" onto public org.springframework.web.servlet.ModelAndView org.springframework.boot.actuate.endpoint.mvc.JolokiaMvcEndpoint.handle(javax.servlet.http.HttpServletRequest,javax.servlet.http.HttpServletResponse) throws java.lang.Exception
2018-01-21 23:36:22.400 [main] INFO  o.s.b.actuate.endpoint.mvc.EndpointHandlerMapping - Mapped "{[/env/{name:.*}],methods=[GET],produces=[application/json]}" onto public java.lang.Object org.springframework.boot.actuate.endpoint.mvc.EnvironmentMvcEndpoint.value(java.lang.String)
2018-01-21 23:36:22.400 [main] INFO  o.s.b.actuate.endpoint.mvc.EndpointHandlerMapping - Mapped "{[/env || /env.json],methods=[GET],produces=[application/json]}" onto public java.lang.Object org.springframework.boot.actuate.endpoint.mvc.EndpointMvcAdapter.invoke()
2018-01-21 23:36:22.401 [main] INFO  o.s.b.actuate.endpoint.mvc.EndpointHandlerMapping - Mapped "{[/autoconfig || /autoconfig.json],methods=[GET],produces=[application/json]}" onto public java.lang.Object org.springframework.boot.actuate.endpoint.mvc.EndpointMvcAdapter.invoke()
2018-01-21 23:36:22.402 [main] INFO  o.s.b.actuate.endpoint.mvc.EndpointHandlerMapping - Mapped "{[/dump || /dump.json],methods=[GET],produces=[application/json]}" onto public java.lang.Object org.springframework.boot.actuate.endpoint.mvc.EndpointMvcAdapter.invoke()
2018-01-21 23:36:22.403 [main] INFO  o.s.b.actuate.endpoint.mvc.EndpointHandlerMapping - Mapped "{[/metrics/{name:.*}],methods=[GET],produces=[application/json]}" onto public java.lang.Object org.springframework.boot.actuate.endpoint.mvc.MetricsMvcEndpoint.value(java.lang.String)
2018-01-21 23:36:22.403 [main] INFO  o.s.b.actuate.endpoint.mvc.EndpointHandlerMapping - Mapped "{[/metrics || /metrics.json],methods=[GET],produces=[application/json]}" onto public java.lang.Object org.springframework.boot.actuate.endpoint.mvc.EndpointMvcAdapter.invoke()
2018-01-21 23:36:22.404 [main] INFO  o.s.b.actuate.endpoint.mvc.EndpointHandlerMapping - Mapped "{[/trace || /trace.json],methods=[GET],produces=[application/json]}" onto public java.lang.Object org.springframework.boot.actuate.endpoint.mvc.EndpointMvcAdapter.invoke()
2018-01-21 23:36:22.408 [main] INFO  o.s.b.actuate.endpoint.mvc.EndpointHandlerMapping - Mapped "{[/configprops || /configprops.json],methods=[GET],produces=[application/json]}" onto public java.lang.Object org.springframework.boot.actuate.endpoint.mvc.EndpointMvcAdapter.invoke()
2018-01-21 23:36:22.409 [main] INFO  o.s.b.actuate.endpoint.mvc.EndpointHandlerMapping - Mapped "{[/heapdump || /heapdump.json],methods=[GET],produces=[application/octet-stream]}" onto public void org.springframework.boot.actuate.endpoint.mvc.HeapdumpMvcEndpoint.invoke(boolean,javax.servlet.http.HttpServletRequest,javax.servlet.http.HttpServletResponse) throws java.io.IOException,javax.servlet.ServletException
2018-01-21 23:36:22.410 [main] INFO  o.s.b.actuate.endpoint.mvc.EndpointHandlerMapping - Mapped "{[/beans || /beans.json],methods=[GET],produces=[application/json]}" onto public java.lang.Object org.springframework.boot.actuate.endpoint.mvc.EndpointMvcAdapter.invoke()
2018-01-21 23:36:22.411 [main] INFO  o.s.b.actuate.endpoint.mvc.EndpointHandlerMapping - Mapped "{[/info || /info.json],methods=[GET],produces=[application/json]}" onto public java.lang.Object org.springframework.boot.actuate.endpoint.mvc.EndpointMvcAdapter.invoke()
2018-01-21 23:36:23.043 [main] INFO  o.s.w.s.m.m.a.RequestMappingHandlerAdapter - Looking for @ControllerAdvice: org.springframework.boot.context.embedded.AnnotationConfigEmbeddedWebApplicationContext@37654521: startup date [Sun Jan 21 23:35:53 CST 2018]; root of context hierarchy
2018-01-21 23:36:23.265 [main] INFO  o.s.web.servlet.handler.SimpleUrlHandlerMapping - Mapped URL path [/webjars/**] onto handler of type [class org.springframework.web.servlet.resource.ResourceHttpRequestHandler]
2018-01-21 23:36:23.265 [main] INFO  o.s.web.servlet.handler.SimpleUrlHandlerMapping - Mapped URL path [/**] onto handler of type [class org.springframework.web.servlet.resource.ResourceHttpRequestHandler]
2018-01-21 23:36:23.344 [main] INFO  o.s.w.s.m.m.a.ExceptionHandlerExceptionResolver - Detected @ExceptionHandler methods in globalExceptionHandler
2018-01-21 23:36:23.528 [main] INFO  o.s.web.servlet.handler.SimpleUrlHandlerMapping - Mapped URL path [/**/favicon.ico] onto handler of type [class org.springframework.web.servlet.resource.ResourceHttpRequestHandler]
2018-01-21 23:36:25.168 [main] INFO  o.s.jmx.export.annotation.AnnotationMBeanExporter - Registering beans for JMX exposure on startup
2018-01-21 23:36:25.171 [main] INFO  o.s.jmx.export.annotation.AnnotationMBeanExporter - Bean with name 'dataSource' has been autodetected for JMX exposure
2018-01-21 23:36:25.172 [main] INFO  o.s.jmx.export.annotation.AnnotationMBeanExporter - Bean with name 'wallConfig' has been autodetected for JMX exposure
2018-01-21 23:36:25.172 [main] INFO  o.s.jmx.export.annotation.AnnotationMBeanExporter - Bean with name 'wallFilter' has been autodetected for JMX exposure
2018-01-21 23:36:25.186 [main] INFO  o.s.jmx.export.annotation.AnnotationMBeanExporter - Located MBean 'wallConfig': registering with JMX server as MBean [com.alibaba.druid.wall:name=wallConfig,type=WallConfig]
2018-01-21 23:36:25.189 [main] INFO  o.s.jmx.export.annotation.AnnotationMBeanExporter - Located MBean 'dataSource': registering with JMX server as MBean [com.alibaba.druid.pool:name=dataSource,type=DruidDataSource]
2018-01-21 23:36:25.191 [main] INFO  o.s.jmx.export.annotation.AnnotationMBeanExporter - Located MBean 'wallFilter': registering with JMX server as MBean [com.alibaba.druid.wall:name=wallFilter,type=WallFilter]
2018-01-21 23:36:25.192 [main] INFO  o.s.b.actuate.endpoint.jmx.EndpointMBeanExporter - Registering beans for JMX exposure on startup
2018-01-21 23:36:25.213 [main] INFO  o.s.context.support.DefaultLifecycleProcessor - Starting beans in phase 0
2018-01-21 23:36:25.240 [main] INFO  o.s.b.actuate.endpoint.jmx.EndpointMBeanExporter - Located managed bean 'requestMappingEndpoint': registering with JMX server as MBean [org.springframework.boot:type=Endpoint,name=requestMappingEndpoint]
2018-01-21 23:36:25.285 [main] INFO  o.s.b.actuate.endpoint.jmx.EndpointMBeanExporter - Located managed bean 'environmentEndpoint': registering with JMX server as MBean [org.springframework.boot:type=Endpoint,name=environmentEndpoint]
2018-01-21 23:36:25.294 [main] INFO  o.s.b.actuate.endpoint.jmx.EndpointMBeanExporter - Located managed bean 'healthEndpoint': registering with JMX server as MBean [org.springframework.boot:type=Endpoint,name=healthEndpoint]
2018-01-21 23:36:25.302 [main] INFO  o.s.b.actuate.endpoint.jmx.EndpointMBeanExporter - Located managed bean 'beansEndpoint': registering with JMX server as MBean [org.springframework.boot:type=Endpoint,name=beansEndpoint]
2018-01-21 23:36:25.308 [main] INFO  o.s.b.actuate.endpoint.jmx.EndpointMBeanExporter - Located managed bean 'infoEndpoint': registering with JMX server as MBean [org.springframework.boot:type=Endpoint,name=infoEndpoint]
2018-01-21 23:36:25.315 [main] INFO  o.s.b.actuate.endpoint.jmx.EndpointMBeanExporter - Located managed bean 'metricsEndpoint': registering with JMX server as MBean [org.springframework.boot:type=Endpoint,name=metricsEndpoint]
2018-01-21 23:36:25.320 [main] INFO  o.s.b.actuate.endpoint.jmx.EndpointMBeanExporter - Located managed bean 'traceEndpoint': registering with JMX server as MBean [org.springframework.boot:type=Endpoint,name=traceEndpoint]
2018-01-21 23:36:25.326 [main] INFO  o.s.b.actuate.endpoint.jmx.EndpointMBeanExporter - Located managed bean 'dumpEndpoint': registering with JMX server as MBean [org.springframework.boot:type=Endpoint,name=dumpEndpoint]
2018-01-21 23:36:25.335 [main] INFO  o.s.b.actuate.endpoint.jmx.EndpointMBeanExporter - Located managed bean 'autoConfigurationReportEndpoint': registering with JMX server as MBean [org.springframework.boot:type=Endpoint,name=autoConfigurationReportEndpoint]
2018-01-21 23:36:25.340 [main] INFO  o.s.b.actuate.endpoint.jmx.EndpointMBeanExporter - Located managed bean 'configurationPropertiesReportEndpoint': registering with JMX server as MBean [org.springframework.boot:type=Endpoint,name=configurationPropertiesReportEndpoint]
2018-01-21 23:36:25.343 [main] INFO  o.s.context.support.DefaultLifecycleProcessor - Starting beans in phase 2147483647
2018-01-21 23:36:25.343 [main] INFO  s.d.s.web.plugins.DocumentationPluginsBootstrapper - Context refreshed
2018-01-21 23:36:25.432 [main] INFO  s.d.s.web.plugins.DocumentationPluginsBootstrapper - Found 1 custom documentation plugin(s)
2018-01-21 23:36:25.473 [main] INFO  s.d.spring.web.scanners.ApiListingReferenceScanner - Scanning for api listing references
2018-01-21 23:36:25.914 [main] INFO  s.d.s.w.r.operation.CachingOperationNameGenerator - Generating unique operation named: invokeUsingGET_1
2018-01-21 23:36:25.919 [main] INFO  s.d.s.w.r.operation.CachingOperationNameGenerator - Generating unique operation named: invokeUsingGET_2
2018-01-21 23:36:25.923 [main] INFO  s.d.s.w.r.operation.CachingOperationNameGenerator - Generating unique operation named: invokeUsingGET_3
2018-01-21 23:36:25.927 [main] INFO  s.d.s.w.r.operation.CachingOperationNameGenerator - Generating unique operation named: invokeUsingGET_4
2018-01-21 23:36:25.931 [main] INFO  s.d.s.w.r.operation.CachingOperationNameGenerator - Generating unique operation named: invokeUsingGET_5
2018-01-21 23:36:25.936 [main] INFO  s.d.s.w.r.operation.CachingOperationNameGenerator - Generating unique operation named: invokeUsingGET_6
2018-01-21 23:36:25.939 [main] INFO  s.d.s.w.r.operation.CachingOperationNameGenerator - Generating unique operation named: invokeUsingGET_7
2018-01-21 23:36:25.944 [main] INFO  s.d.s.w.r.operation.CachingOperationNameGenerator - Generating unique operation named: invokeUsingGET_8
2018-01-21 23:36:25.947 [main] INFO  s.d.s.w.r.operation.CachingOperationNameGenerator - Generating unique operation named: invokeUsingGET_9
2018-01-21 23:36:25.951 [main] INFO  s.d.s.w.r.operation.CachingOperationNameGenerator - Generating unique operation named: invokeUsingGET_10
2018-01-21 23:36:25.956 [main] INFO  s.d.s.w.r.operation.CachingOperationNameGenerator - Generating unique operation named: invokeUsingGET_11
2018-01-21 23:36:25.960 [main] INFO  s.d.s.w.r.operation.CachingOperationNameGenerator - Generating unique operation named: invokeUsingGET_12
2018-01-21 23:36:25.963 [main] INFO  s.d.s.w.r.operation.CachingOperationNameGenerator - Generating unique operation named: invokeUsingGET_13
2018-01-21 23:36:25.970 [main] INFO  s.d.s.w.r.operation.CachingOperationNameGenerator - Generating unique operation named: invokeUsingGET_14
2018-01-21 23:36:25.975 [main] INFO  s.d.s.w.r.operation.CachingOperationNameGenerator - Generating unique operation named: invokeUsingGET_15
2018-01-21 23:36:26.015 [main] INFO  s.d.s.w.r.operation.CachingOperationNameGenerator - Generating unique operation named: invokeUsingGET_16
2018-01-21 23:36:26.070 [main] INFO  s.d.s.w.r.operation.CachingOperationNameGenerator - Generating unique operation named: invokeUsingGET_17
2018-01-21 23:36:26.077 [main] INFO  s.d.s.w.r.operation.CachingOperationNameGenerator - Generating unique operation named: invokeUsingHEAD_1
2018-01-21 23:36:26.084 [main] INFO  s.d.s.w.r.operation.CachingOperationNameGenerator - Generating unique operation named: invokeUsingPOST_1
2018-01-21 23:36:26.090 [main] INFO  s.d.s.w.r.operation.CachingOperationNameGenerator - Generating unique operation named: invokeUsingPUT_1
2018-01-21 23:36:26.096 [main] INFO  s.d.s.w.r.operation.CachingOperationNameGenerator - Generating unique operation named: invokeUsingPATCH_1
2018-01-21 23:36:26.103 [main] INFO  s.d.s.w.r.operation.CachingOperationNameGenerator - Generating unique operation named: invokeUsingDELETE_1
2018-01-21 23:36:26.110 [main] INFO  s.d.s.w.r.operation.CachingOperationNameGenerator - Generating unique operation named: invokeUsingOPTIONS_1
2018-01-21 23:36:26.116 [main] INFO  s.d.s.w.r.operation.CachingOperationNameGenerator - Generating unique operation named: invokeUsingTRACE_1
2018-01-21 23:36:26.132 [main] INFO  s.d.s.w.r.operation.CachingOperationNameGenerator - Generating unique operation named: invokeUsingGET_18
2018-01-21 23:36:26.140 [main] INFO  s.d.s.w.r.operation.CachingOperationNameGenerator - Generating unique operation named: invokeUsingGET_19
2018-01-21 23:36:26.222 [main] INFO  s.d.s.w.r.operation.CachingOperationNameGenerator - Generating unique operation named: invokeUsingGET_20
2018-01-21 23:36:26.227 [main] INFO  s.d.s.w.r.operation.CachingOperationNameGenerator - Generating unique operation named: invokeUsingGET_21
2018-01-21 23:36:26.238 [main] INFO  s.d.s.w.r.operation.CachingOperationNameGenerator - Generating unique operation named: valueUsingGET_1
2018-01-21 23:36:26.705 [main] INFO  s.d.s.w.r.operation.CachingOperationNameGenerator - Generating unique operation named: queryWithConditionUsingPOST_1
2018-01-21 23:36:26.806 [main] INFO  s.d.s.w.r.operation.CachingOperationNameGenerator - Generating unique operation named: queryWithConditionUsingPOST_2
2018-01-21 23:36:27.140 [main] INFO  s.d.s.w.r.operation.CachingOperationNameGenerator - Generating unique operation named: queryWithConditionUsingPOST_3
2018-01-21 23:36:27.148 [main] INFO  s.d.s.w.r.operation.CachingOperationNameGenerator - Generating unique operation named: deleteUsingGET_1
2018-01-21 23:36:27.189 [main] INFO  s.d.s.w.r.operation.CachingOperationNameGenerator - Generating unique operation named: editUsingPOST_1
2018-01-21 23:36:27.220 [main] INFO  s.d.s.w.r.operation.CachingOperationNameGenerator - Generating unique operation named: editPageUsingGET_1
2018-01-21 23:36:27.453 [main] INFO  s.d.s.w.r.operation.CachingOperationNameGenerator - Generating unique operation named: queryWithConditionUsingPOST_4
2018-01-21 23:36:27.545 [main] INFO  s.d.s.w.r.operation.CachingOperationNameGenerator - Generating unique operation named: deleteUsingPOST_1
2018-01-21 23:36:27.626 [main] INFO  s.d.s.w.r.operation.CachingOperationNameGenerator - Generating unique operation named: editPageUsingGET_2
2018-01-21 23:36:28.441 [main] INFO  s.d.s.w.r.operation.CachingOperationNameGenerator - Generating unique operation named: queryWithConditionUsingPOST_5
2018-01-21 23:36:28.618 [main] INFO  s.d.s.w.r.operation.CachingOperationNameGenerator - Generating unique operation named: editPageUsingGET_3
2018-01-21 23:36:28.697 [main] INFO  s.d.s.w.r.operation.CachingOperationNameGenerator - Generating unique operation named: kickoutUsingGET_1
2018-01-21 23:36:28.728 [main] INFO  s.d.s.w.r.operation.CachingOperationNameGenerator - Generating unique operation named: saveUsingGET_1
2018-01-21 23:36:28.779 [main] INFO  s.d.s.w.r.operation.CachingOperationNameGenerator - Generating unique operation named: updateUsingPOST_1
2018-01-21 23:36:28.838 [main] INFO  s.d.s.w.r.operation.CachingOperationNameGenerator - Generating unique operation named: userPageUsingGET_1
2018-01-21 23:36:28.856 [main] INFO  s.d.s.w.r.operation.CachingOperationNameGenerator - Generating unique operation named: userPageUsingGET_2
2018-01-21 23:36:28.954 [main] INFO  org.apache.coyote.http11.Http11NioProtocol - Initializing ProtocolHandler ["http-nio-8090"]
2018-01-21 23:36:28.994 [main] INFO  org.apache.coyote.http11.Http11NioProtocol - Starting ProtocolHandler ["http-nio-8090"]
2018-01-21 23:36:29.016 [main] INFO  org.apache.tomcat.util.net.NioSelectorPool - Using a shared selector for servlet write/read
2018-01-21 23:36:29.108 [main] INFO  o.s.b.c.e.tomcat.TomcatEmbeddedServletContainer - Tomcat started on port(s): 8090 (http)
2018-01-21 23:36:29.120 [main] INFO  com.viroyal.light.DemoApplication - Started DemoApplication in 39.732 seconds (JVM running for 56.709)
2018-01-21 23:46:52.833 [http-nio-8090-exec-1] INFO  o.a.c.core.ContainerBase.[Tomcat].[localhost].[/] - Initializing Spring FrameworkServlet 'dispatcherServlet'
2018-01-21 23:46:52.833 [http-nio-8090-exec-1] INFO  org.springframework.web.servlet.DispatcherServlet - FrameworkServlet 'dispatcherServlet': initialization started
2018-01-21 23:46:52.920 [http-nio-8090-exec-1] INFO  org.springframework.web.servlet.DispatcherServlet - FrameworkServlet 'dispatcherServlet': initialization completed in 87 ms
2018-01-21 23:46:52.993 [http-nio-8090-exec-1] INFO  o.a.s.session.mgt.AbstractValidatingSessionManager - Enabling session validation scheduler...
2018-01-21 23:47:05.959 [http-nio-8090-exec-23] DEBUG c.v.l.module.user.dao.SysUserMapper.selectByMap - ==>  Preparing: SELECT id AS id,nickname,username,phone,email,pswd,create_time AS createTime,last_login_time AS lastLoginTime,`status`,create_name_id AS createNameId,last_update_time AS lastUpdateTime,last_update_name_id AS lastUpdateNameId,exist FROM sys_user WHERE pswd = ? AND username = ? 
2018-01-21 23:47:06.025 [http-nio-8090-exec-23] DEBUG c.v.l.module.user.dao.SysUserMapper.selectByMap - ==> Parameters: l9a0lajfwQ3VRSh4jUUJSQ==(String), admin(String)
2018-01-21 23:47:06.196 [http-nio-8090-exec-23] DEBUG c.v.l.module.user.dao.SysUserMapper.selectByMap - <==      Total: 1
2018-01-21 23:47:06.206 [http-nio-8090-exec-23] DEBUG c.v.light.module.user.dao.SysUserMapper.updateById - ==>  Preparing: UPDATE sys_user SET nickname=?, username=?, phone=?, email=?, pswd=?, create_time=?, last_login_time=?, `status`=?, create_name_id=?, exist=? WHERE id=? 
2018-01-21 23:47:06.221 [http-nio-8090-exec-23] DEBUG c.v.light.module.user.dao.SysUserMapper.updateById - ==> Parameters: admin(String), admin(String), 15565567776(String), admin@admin.com(String), l9a0lajfwQ3VRSh4jUUJSQ==(String), 2018-01-12 15:34:06.0(Timestamp), 2018-01-21 23:47:06.198(Timestamp), 1(String), 26(String), 1(Integer), 1(Long)
2018-01-21 23:47:06.296 [http-nio-8090-exec-23] DEBUG c.v.light.module.user.dao.SysUserMapper.updateById - <==    Updates: 1
2018-01-21 23:47:06.296 [http-nio-8090-exec-23] INFO  com.viroyal.light.common.shiro.MyShiroRealm - 身份认证成功，登录用户：admin
2018-01-21 23:47:08.139 [http-nio-8090-exec-24] DEBUG c.v.l.m.user.dao.SysPermissionMapper.selectByMap - ==>  Preparing: SELECT id AS id,url,`name`,perms,exist FROM sys_permission 
2018-01-21 23:47:08.141 [http-nio-8090-exec-24] DEBUG c.v.l.m.user.dao.SysPermissionMapper.selectByMap - ==> Parameters: 
2018-01-21 23:47:08.231 [http-nio-8090-exec-24] DEBUG c.v.l.m.user.dao.SysPermissionMapper.selectByMap - <==      Total: 30
2018-01-21 23:47:08.233 [http-nio-8090-exec-24] INFO  com.viroyal.light.common.shiro.MyShiroRealm - 权限添加成功：[sys:strategy:save, sys:lightInfo:info, sys:strategy:info, sys:strategy:update, sys:user:delete, sys:user:status, sys:lightInfo:list, sys:region:list, sys:strategy:delete, sys:user:update, sys:user:kickout, sys:role:list, sys:region:update, sys:permission:list, sys:light:save, sys:role:select, sys:light:delete, sys:user:list, sys:role:save, sys:region:delete, sys:region:info, sys:permission:info, sys:strategy:list, sys:role:info, sys:permission:update, sys:light:update, sys:role:update, sys:light:info, sys:user:info, sys:permission:save, sys:lightInfo:delete, sys:region.save, sys:role:delete, sys:permission:delete, sys:lightInfo:save, sys:lightInfo:update, sys:user:save, sys:light:list]
