2018-01-13 12:15:33.878 [main] INFO  com.viroyal.light.DemoApplication - Starting DemoApplication on PC201310061245 with PID 6540 (started by Administrator in F:\Program Files\LightProject)
2018-01-13 12:15:33.885 [main] INFO  com.viroyal.light.DemoApplication - The following profiles are active: pro
2018-01-13 12:15:34.156 [main] INFO  o.s.b.c.e.AnnotationConfigEmbeddedWebApplicationContext - Refreshing org.springframework.boot.context.embedded.AnnotationConfigEmbeddedWebApplicationContext@37654521: startup date [Sat Jan 13 12:15:34 CST 2018]; root of context hierarchy
2018-01-13 12:15:34.439 [background-preinit] INFO  org.hibernate.validator.internal.util.Version - HV000001: Hibernate Validator 5.2.5.Final
2018-01-13 12:15:40.574 [main] INFO  o.s.b.factory.support.DefaultListableBeanFactory - Overriding bean definition for bean 'filterRegistrationBean' with a different definition: replacing [Root bean: class [null]; scope=; abstract=false; lazyInit=false; autowireMode=3; dependencyCheck=0; autowireCandidate=true; primary=false; factoryBeanName=shiroConfig; factoryMethodName=filterRegistrationBean; initMethodName=null; destroyMethodName=(inferred); defined in class path resource [com/viroyal/light/common/shiro/ShiroConfig.class]] with [Root bean: class [null]; scope=; abstract=false; lazyInit=false; autowireMode=3; dependencyCheck=0; autowireCandidate=true; primary=false; factoryBeanName=druidDataSourceConfig; factoryMethodName=filterRegistrationBean; initMethodName=null; destroyMethodName=(inferred); defined in class path resource [com/viroyal/light/config/DruidDataSourceConfig.class]]
2018-01-13 12:15:42.258 [main] INFO  o.s.d.r.config.RepositoryConfigurationDelegate - Multiple Spring Data modules found, entering strict repository configuration mode!
2018-01-13 12:15:42.580 [main] INFO  o.s.d.r.config.RepositoryConfigurationDelegate - Multiple Spring Data modules found, entering strict repository configuration mode!
2018-01-13 12:15:44.698 [main] INFO  o.s.c.s.PostProcessorRegistrationDelegate$BeanPostProcessorChecker - Bean 'wallConfig' of type [com.alibaba.druid.wall.WallConfig] is not eligible for getting processed by all BeanPostProcessors (for example: not eligible for auto-proxying)
2018-01-13 12:15:45.386 [main] INFO  o.s.c.s.PostProcessorRegistrationDelegate$BeanPostProcessorChecker - Bean 'wallFilter' of type [com.alibaba.druid.wall.WallFilter] is not eligible for getting processed by all BeanPostProcessors (for example: not eligible for auto-proxying)
2018-01-13 12:15:45.390 [main] INFO  o.s.c.s.PostProcessorRegistrationDelegate$BeanPostProcessorChecker - Bean 'druidDataSourceConfig' of type [com.viroyal.light.config.DruidDataSourceConfig$$EnhancerBySpringCGLIB$$2630806b] is not eligible for getting processed by all BeanPostProcessors (for example: not eligible for auto-proxying)
2018-01-13 12:15:46.059 [main] INFO  o.s.c.s.PostProcessorRegistrationDelegate$BeanPostProcessorChecker - Bean 'dataSource' of type [com.alibaba.druid.pool.DruidDataSource] is not eligible for getting processed by all BeanPostProcessors (for example: not eligible for auto-proxying)
2018-01-13 12:15:47.129 [main] INFO  o.s.c.s.PostProcessorRegistrationDelegate$BeanPostProcessorChecker - Bean 'mybatis-org.mybatis.spring.boot.autoconfigure.MybatisProperties' of type [org.mybatis.spring.boot.autoconfigure.MybatisProperties] is not eligible for getting processed by all BeanPostProcessors (for example: not eligible for auto-proxying)
2018-01-13 12:15:47.245 [main] INFO  o.s.c.s.PostProcessorRegistrationDelegate$BeanPostProcessorChecker - Bean 'paginationInterceptor' of type [com.baomidou.mybatisplus.plugins.PaginationInterceptor] is not eligible for getting processed by all BeanPostProcessors (for example: not eligible for auto-proxying)
2018-01-13 12:15:47.251 [main] INFO  o.s.c.s.PostProcessorRegistrationDelegate$BeanPostProcessorChecker - Bean 'mybatisPlusConfig' of type [com.viroyal.light.config.MybatisPlusConfig$$EnhancerBySpringCGLIB$$839beb31] is not eligible for getting processed by all BeanPostProcessors (for example: not eligible for auto-proxying)
2018-01-13 12:15:49.402 [main] INFO  com.alibaba.druid.pool.DruidDataSource - {dataSource-1} inited
2018-01-13 12:15:51.645 [main] INFO  o.s.c.s.PostProcessorRegistrationDelegate$BeanPostProcessorChecker - Bean 'mybatisSqlSessionFactoryBean' of type [com.baomidou.mybatisplus.spring.MybatisSqlSessionFactoryBean] is not eligible for getting processed by all BeanPostProcessors (for example: not eligible for auto-proxying)
2018-01-13 12:15:51.646 [main] INFO  o.s.c.s.PostProcessorRegistrationDelegate$BeanPostProcessorChecker - Bean 'mybatisSqlSessionFactoryBean' of type [org.apache.ibatis.session.defaults.DefaultSqlSessionFactory] is not eligible for getting processed by all BeanPostProcessors (for example: not eligible for auto-proxying)
2018-01-13 12:15:51.671 [main] INFO  o.s.c.s.PostProcessorRegistrationDelegate$BeanPostProcessorChecker - Bean 'org.mybatis.spring.boot.autoconfigure.MybatisAutoConfiguration' of type [org.mybatis.spring.boot.autoconfigure.MybatisAutoConfiguration$$EnhancerBySpringCGLIB$$e449eefa] is not eligible for getting processed by all BeanPostProcessors (for example: not eligible for auto-proxying)
2018-01-13 12:15:51.692 [main] INFO  o.s.c.s.PostProcessorRegistrationDelegate$BeanPostProcessorChecker - Bean 'sqlSessionTemplate' of type [org.mybatis.spring.SqlSessionTemplate] is not eligible for getting processed by all BeanPostProcessors (for example: not eligible for auto-proxying)
2018-01-13 12:15:51.693 [main] INFO  o.s.c.s.PostProcessorRegistrationDelegate$BeanPostProcessorChecker - Bean 'sysPermissionInitMapper' of type [org.mybatis.spring.mapper.MapperFactoryBean] is not eligible for getting processed by all BeanPostProcessors (for example: not eligible for auto-proxying)
2018-01-13 12:15:51.696 [main] INFO  o.s.c.s.PostProcessorRegistrationDelegate$BeanPostProcessorChecker - Bean 'sysPermissionInitMapper' of type [com.sun.proxy.$Proxy81] is not eligible for getting processed by all BeanPostProcessors (for example: not eligible for auto-proxying)
2018-01-13 12:15:51.698 [main] INFO  o.s.c.s.PostProcessorRegistrationDelegate$BeanPostProcessorChecker - Bean 'sysPermissionInitServiceImpl' of type [com.viroyal.light.module.user.service.impl.SysPermissionInitServiceImpl] is not eligible for getting processed by all BeanPostProcessors (for example: not eligible for auto-proxying)
2018-01-13 12:15:51.718 [main] INFO  o.s.c.s.PostProcessorRegistrationDelegate$BeanPostProcessorChecker - Bean 'shiroConfig' of type [com.viroyal.light.common.shiro.ShiroConfig$$EnhancerBySpringCGLIB$$5511ac01] is not eligible for getting processed by all BeanPostProcessors (for example: not eligible for auto-proxying)
2018-01-13 12:15:54.743 [main] INFO  o.s.c.s.PostProcessorRegistrationDelegate$BeanPostProcessorChecker - Bean 'sysUserMapper' of type [org.mybatis.spring.mapper.MapperFactoryBean] is not eligible for getting processed by all BeanPostProcessors (for example: not eligible for auto-proxying)
2018-01-13 12:15:54.746 [main] INFO  o.s.c.s.PostProcessorRegistrationDelegate$BeanPostProcessorChecker - Bean 'sysUserMapper' of type [com.sun.proxy.$Proxy83] is not eligible for getting processed by all BeanPostProcessors (for example: not eligible for auto-proxying)
2018-01-13 12:15:54.781 [main] INFO  o.s.c.s.PostProcessorRegistrationDelegate$BeanPostProcessorChecker - Bean 'sysRoleMapper' of type [org.mybatis.spring.mapper.MapperFactoryBean] is not eligible for getting processed by all BeanPostProcessors (for example: not eligible for auto-proxying)
2018-01-13 12:15:54.819 [main] INFO  o.s.c.s.PostProcessorRegistrationDelegate$BeanPostProcessorChecker - Bean 'sysRoleMapper' of type [com.sun.proxy.$Proxy84] is not eligible for getting processed by all BeanPostProcessors (for example: not eligible for auto-proxying)
2018-01-13 12:15:54.839 [main] INFO  o.s.c.s.PostProcessorRegistrationDelegate$BeanPostProcessorChecker - Bean 'sysRoleServiceImpl' of type [com.viroyal.light.module.user.service.impl.SysRoleServiceImpl] is not eligible for getting processed by all BeanPostProcessors (for example: not eligible for auto-proxying)
2018-01-13 12:15:54.850 [main] INFO  o.s.c.s.PostProcessorRegistrationDelegate$BeanPostProcessorChecker - Bean 'sysPermissionMapper' of type [org.mybatis.spring.mapper.MapperFactoryBean] is not eligible for getting processed by all BeanPostProcessors (for example: not eligible for auto-proxying)
2018-01-13 12:15:54.854 [main] INFO  o.s.c.s.PostProcessorRegistrationDelegate$BeanPostProcessorChecker - Bean 'sysPermissionMapper' of type [com.sun.proxy.$Proxy85] is not eligible for getting processed by all BeanPostProcessors (for example: not eligible for auto-proxying)
2018-01-13 12:15:54.865 [main] INFO  o.s.c.s.PostProcessorRegistrationDelegate$BeanPostProcessorChecker - Bean 'org.springframework.boot.autoconfigure.data.redis.RedisAutoConfiguration$RedisConfiguration' of type [org.springframework.boot.autoconfigure.data.redis.RedisAutoConfiguration$RedisConfiguration$$EnhancerBySpringCGLIB$$f7182357] is not eligible for getting processed by all BeanPostProcessors (for example: not eligible for auto-proxying)
2018-01-13 12:15:54.908 [main] INFO  o.s.c.s.PostProcessorRegistrationDelegate$BeanPostProcessorChecker - Bean 'spring.redis-org.springframework.boot.autoconfigure.data.redis.RedisProperties' of type [org.springframework.boot.autoconfigure.data.redis.RedisProperties] is not eligible for getting processed by all BeanPostProcessors (for example: not eligible for auto-proxying)
2018-01-13 12:15:54.922 [main] INFO  o.s.c.s.PostProcessorRegistrationDelegate$BeanPostProcessorChecker - Bean 'org.springframework.boot.autoconfigure.data.redis.RedisAutoConfiguration$RedisConnectionConfiguration' of type [org.springframework.boot.autoconfigure.data.redis.RedisAutoConfiguration$RedisConnectionConfiguration$$EnhancerBySpringCGLIB$$456fc4d9] is not eligible for getting processed by all BeanPostProcessors (for example: not eligible for auto-proxying)
2018-01-13 12:15:55.053 [main] INFO  o.s.c.s.PostProcessorRegistrationDelegate$BeanPostProcessorChecker - Bean 'redisConnectionFactory' of type [org.springframework.data.redis.connection.jedis.JedisConnectionFactory] is not eligible for getting processed by all BeanPostProcessors (for example: not eligible for auto-proxying)
2018-01-13 12:15:55.133 [main] INFO  o.s.c.s.PostProcessorRegistrationDelegate$BeanPostProcessorChecker - Bean 'stringRedisTemplate' of type [org.springframework.data.redis.core.StringRedisTemplate] is not eligible for getting processed by all BeanPostProcessors (for example: not eligible for auto-proxying)
2018-01-13 12:15:55.133 [main] INFO  o.s.c.s.PostProcessorRegistrationDelegate$BeanPostProcessorChecker - Bean 'myShiroRealm' of type [com.viroyal.light.common.shiro.MyShiroRealm] is not eligible for getting processed by all BeanPostProcessors (for example: not eligible for auto-proxying)
2018-01-13 12:15:55.216 [main] INFO  o.s.c.s.PostProcessorRegistrationDelegate$BeanPostProcessorChecker - Bean 'redisSessionDAO' of type [org.crazycake.shiro.RedisSessionDAO] is not eligible for getting processed by all BeanPostProcessors (for example: not eligible for auto-proxying)
2018-01-13 12:15:55.288 [main] INFO  o.s.c.s.PostProcessorRegistrationDelegate$BeanPostProcessorChecker - Bean 'sessionManager' of type [org.apache.shiro.web.session.mgt.DefaultWebSessionManager] is not eligible for getting processed by all BeanPostProcessors (for example: not eligible for auto-proxying)
2018-01-13 12:15:55.314 [main] INFO  o.s.c.s.PostProcessorRegistrationDelegate$BeanPostProcessorChecker - Bean 'securityManager' of type [org.apache.shiro.web.mgt.DefaultWebSecurityManager] is not eligible for getting processed by all BeanPostProcessors (for example: not eligible for auto-proxying)
2018-01-13 12:15:55.520 [main] DEBUG c.v.l.m.user.dao.SysPermissionInitMapper.selectAll - ==>  Preparing: SELECT * FROM sys_permission_init ORDER BY sort ASC 
2018-01-13 12:15:56.241 [main] DEBUG c.v.l.m.user.dao.SysPermissionInitMapper.selectAll - ==> Parameters: 
2018-01-13 12:15:57.430 [main] DEBUG c.v.l.m.user.dao.SysPermissionInitMapper.selectAll - <==      Total: 10
2018-01-13 12:15:57.599 [main] INFO  o.s.c.s.PostProcessorRegistrationDelegate$BeanPostProcessorChecker - Bean 'authorizationAttributeSourceAdvisor' of type [org.apache.shiro.spring.security.interceptor.AuthorizationAttributeSourceAdvisor] is not eligible for getting processed by all BeanPostProcessors (for example: not eligible for auto-proxying)
2018-01-13 12:15:57.786 [main] INFO  o.s.c.s.PostProcessorRegistrationDelegate$BeanPostProcessorChecker - Bean 'redisConfig' of type [com.viroyal.light.config.RedisConfig$$EnhancerBySpringCGLIB$$6f5f2a1f] is not eligible for getting processed by all BeanPostProcessors (for example: not eligible for auto-proxying)
2018-01-13 12:15:57.803 [main] INFO  o.s.c.s.PostProcessorRegistrationDelegate$BeanPostProcessorChecker - Bean 'org.springframework.cache.annotation.ProxyCachingConfiguration' of type [org.springframework.cache.annotation.ProxyCachingConfiguration$$EnhancerBySpringCGLIB$$fa87d3e8] is not eligible for getting processed by all BeanPostProcessors (for example: not eligible for auto-proxying)
2018-01-13 12:15:57.846 [main] INFO  o.s.c.s.PostProcessorRegistrationDelegate$BeanPostProcessorChecker - Bean 'org.springframework.boot.autoconfigure.cache.CacheAutoConfiguration' of type [org.springframework.boot.autoconfigure.cache.CacheAutoConfiguration$$EnhancerBySpringCGLIB$$eefb988c] is not eligible for getting processed by all BeanPostProcessors (for example: not eligible for auto-proxying)
2018-01-13 12:15:57.892 [main] INFO  o.s.c.s.PostProcessorRegistrationDelegate$BeanPostProcessorChecker - Bean 'spring.cache-org.springframework.boot.autoconfigure.cache.CacheProperties' of type [org.springframework.boot.autoconfigure.cache.CacheProperties] is not eligible for getting processed by all BeanPostProcessors (for example: not eligible for auto-proxying)
2018-01-13 12:15:57.912 [main] INFO  o.s.c.s.PostProcessorRegistrationDelegate$BeanPostProcessorChecker - Bean 'org.springframework.boot.autoconfigure.cache.CacheManagerCustomizers' of type [org.springframework.boot.autoconfigure.cache.CacheManagerCustomizers] is not eligible for getting processed by all BeanPostProcessors (for example: not eligible for auto-proxying)
2018-01-13 12:15:57.922 [main] INFO  o.s.c.s.PostProcessorRegistrationDelegate$BeanPostProcessorChecker - Bean 'org.springframework.boot.autoconfigure.cache.RedisCacheConfiguration' of type [org.springframework.boot.autoconfigure.cache.RedisCacheConfiguration$$EnhancerBySpringCGLIB$$9f8d34e6] is not eligible for getting processed by all BeanPostProcessors (for example: not eligible for auto-proxying)
2018-01-13 12:15:57.956 [main] INFO  o.s.c.s.PostProcessorRegistrationDelegate$BeanPostProcessorChecker - Bean 'redisTemplate' of type [org.springframework.data.redis.core.RedisTemplate] is not eligible for getting processed by all BeanPostProcessors (for example: not eligible for auto-proxying)
2018-01-13 12:15:58.054 [main] INFO  o.s.c.s.PostProcessorRegistrationDelegate$BeanPostProcessorChecker - Bean 'cacheManager' of type [org.springframework.data.redis.cache.RedisCacheManager] is not eligible for getting processed by all BeanPostProcessors (for example: not eligible for auto-proxying)
2018-01-13 12:15:58.071 [main] INFO  o.s.c.s.PostProcessorRegistrationDelegate$BeanPostProcessorChecker - Bean 'cacheAutoConfigurationValidator' of type [org.springframework.boot.autoconfigure.cache.CacheAutoConfiguration$CacheManagerValidator] is not eligible for getting processed by all BeanPostProcessors (for example: not eligible for auto-proxying)
2018-01-13 12:15:58.173 [main] INFO  o.s.c.s.PostProcessorRegistrationDelegate$BeanPostProcessorChecker - Bean 'org.springframework.transaction.annotation.ProxyTransactionManagementConfiguration' of type [org.springframework.transaction.annotation.ProxyTransactionManagementConfiguration$$EnhancerBySpringCGLIB$$b1759dca] is not eligible for getting processed by all BeanPostProcessors (for example: not eligible for auto-proxying)
2018-01-13 12:42:35.831 [main] INFO  com.viroyal.light.DemoApplication - Starting DemoApplication on PC201310061245 with PID 6240 (started by Administrator in F:\Program Files\LightProject)
2018-01-13 12:42:35.836 [main] INFO  com.viroyal.light.DemoApplication - The following profiles are active: pro
2018-01-13 12:42:35.936 [main] INFO  o.s.b.c.e.AnnotationConfigEmbeddedWebApplicationContext - Refreshing org.springframework.boot.context.embedded.AnnotationConfigEmbeddedWebApplicationContext@37654521: startup date [Sat Jan 13 12:42:35 CST 2018]; root of context hierarchy
2018-01-13 12:42:36.171 [background-preinit] INFO  org.hibernate.validator.internal.util.Version - HV000001: Hibernate Validator 5.2.5.Final
2018-01-13 12:42:38.746 [main] INFO  o.s.b.factory.support.DefaultListableBeanFactory - Overriding bean definition for bean 'filterRegistrationBean' with a different definition: replacing [Root bean: class [null]; scope=; abstract=false; lazyInit=false; autowireMode=3; dependencyCheck=0; autowireCandidate=true; primary=false; factoryBeanName=shiroConfig; factoryMethodName=filterRegistrationBean; initMethodName=null; destroyMethodName=(inferred); defined in class path resource [com/viroyal/light/common/shiro/ShiroConfig.class]] with [Root bean: class [null]; scope=; abstract=false; lazyInit=false; autowireMode=3; dependencyCheck=0; autowireCandidate=true; primary=false; factoryBeanName=druidDataSourceConfig; factoryMethodName=filterRegistrationBean; initMethodName=null; destroyMethodName=(inferred); defined in class path resource [com/viroyal/light/config/DruidDataSourceConfig.class]]
2018-01-13 12:42:39.294 [main] INFO  o.s.d.r.config.RepositoryConfigurationDelegate - Multiple Spring Data modules found, entering strict repository configuration mode!
2018-01-13 12:42:39.489 [main] INFO  o.s.d.r.config.RepositoryConfigurationDelegate - Multiple Spring Data modules found, entering strict repository configuration mode!
2018-01-13 12:42:40.239 [main] INFO  o.s.c.s.PostProcessorRegistrationDelegate$BeanPostProcessorChecker - Bean 'wallConfig' of type [com.alibaba.druid.wall.WallConfig] is not eligible for getting processed by all BeanPostProcessors (for example: not eligible for auto-proxying)
2018-01-13 12:42:40.353 [main] INFO  o.s.c.s.PostProcessorRegistrationDelegate$BeanPostProcessorChecker - Bean 'wallFilter' of type [com.alibaba.druid.wall.WallFilter] is not eligible for getting processed by all BeanPostProcessors (for example: not eligible for auto-proxying)
2018-01-13 12:42:40.355 [main] INFO  o.s.c.s.PostProcessorRegistrationDelegate$BeanPostProcessorChecker - Bean 'druidDataSourceConfig' of type [com.viroyal.light.config.DruidDataSourceConfig$$EnhancerBySpringCGLIB$$2630806b] is not eligible for getting processed by all BeanPostProcessors (for example: not eligible for auto-proxying)
2018-01-13 12:42:40.428 [main] INFO  o.s.c.s.PostProcessorRegistrationDelegate$BeanPostProcessorChecker - Bean 'dataSource' of type [com.alibaba.druid.pool.DruidDataSource] is not eligible for getting processed by all BeanPostProcessors (for example: not eligible for auto-proxying)
2018-01-13 12:42:40.631 [main] INFO  o.s.c.s.PostProcessorRegistrationDelegate$BeanPostProcessorChecker - Bean 'mybatis-org.mybatis.spring.boot.autoconfigure.MybatisProperties' of type [org.mybatis.spring.boot.autoconfigure.MybatisProperties] is not eligible for getting processed by all BeanPostProcessors (for example: not eligible for auto-proxying)
2018-01-13 12:42:40.650 [main] INFO  o.s.c.s.PostProcessorRegistrationDelegate$BeanPostProcessorChecker - Bean 'paginationInterceptor' of type [com.baomidou.mybatisplus.plugins.PaginationInterceptor] is not eligible for getting processed by all BeanPostProcessors (for example: not eligible for auto-proxying)
2018-01-13 12:42:40.655 [main] INFO  o.s.c.s.PostProcessorRegistrationDelegate$BeanPostProcessorChecker - Bean 'mybatisPlusConfig' of type [com.viroyal.light.config.MybatisPlusConfig$$EnhancerBySpringCGLIB$$839beb31] is not eligible for getting processed by all BeanPostProcessors (for example: not eligible for auto-proxying)
2018-01-13 12:42:41.150 [main] INFO  com.alibaba.druid.pool.DruidDataSource - {dataSource-1} inited
2018-01-13 12:42:42.143 [main] INFO  o.s.c.s.PostProcessorRegistrationDelegate$BeanPostProcessorChecker - Bean 'mybatisSqlSessionFactoryBean' of type [com.baomidou.mybatisplus.spring.MybatisSqlSessionFactoryBean] is not eligible for getting processed by all BeanPostProcessors (for example: not eligible for auto-proxying)
2018-01-13 12:42:42.144 [main] INFO  o.s.c.s.PostProcessorRegistrationDelegate$BeanPostProcessorChecker - Bean 'mybatisSqlSessionFactoryBean' of type [org.apache.ibatis.session.defaults.DefaultSqlSessionFactory] is not eligible for getting processed by all BeanPostProcessors (for example: not eligible for auto-proxying)
2018-01-13 12:42:42.160 [main] INFO  o.s.c.s.PostProcessorRegistrationDelegate$BeanPostProcessorChecker - Bean 'org.mybatis.spring.boot.autoconfigure.MybatisAutoConfiguration' of type [org.mybatis.spring.boot.autoconfigure.MybatisAutoConfiguration$$EnhancerBySpringCGLIB$$e449eefa] is not eligible for getting processed by all BeanPostProcessors (for example: not eligible for auto-proxying)
2018-01-13 12:42:42.175 [main] INFO  o.s.c.s.PostProcessorRegistrationDelegate$BeanPostProcessorChecker - Bean 'sqlSessionTemplate' of type [org.mybatis.spring.SqlSessionTemplate] is not eligible for getting processed by all BeanPostProcessors (for example: not eligible for auto-proxying)
2018-01-13 12:42:42.176 [main] INFO  o.s.c.s.PostProcessorRegistrationDelegate$BeanPostProcessorChecker - Bean 'sysPermissionInitMapper' of type [org.mybatis.spring.mapper.MapperFactoryBean] is not eligible for getting processed by all BeanPostProcessors (for example: not eligible for auto-proxying)
2018-01-13 12:42:42.179 [main] INFO  o.s.c.s.PostProcessorRegistrationDelegate$BeanPostProcessorChecker - Bean 'sysPermissionInitMapper' of type [com.sun.proxy.$Proxy81] is not eligible for getting processed by all BeanPostProcessors (for example: not eligible for auto-proxying)
2018-01-13 12:42:42.180 [main] INFO  o.s.c.s.PostProcessorRegistrationDelegate$BeanPostProcessorChecker - Bean 'sysPermissionInitServiceImpl' of type [com.viroyal.light.module.user.service.impl.SysPermissionInitServiceImpl] is not eligible for getting processed by all BeanPostProcessors (for example: not eligible for auto-proxying)
2018-01-13 12:42:42.181 [main] INFO  o.s.c.s.PostProcessorRegistrationDelegate$BeanPostProcessorChecker - Bean 'shiroConfig' of type [com.viroyal.light.common.shiro.ShiroConfig$$EnhancerBySpringCGLIB$$5511ac01] is not eligible for getting processed by all BeanPostProcessors (for example: not eligible for auto-proxying)
2018-01-13 12:42:42.505 [main] INFO  o.s.c.s.PostProcessorRegistrationDelegate$BeanPostProcessorChecker - Bean 'sysUserMapper' of type [org.mybatis.spring.mapper.MapperFactoryBean] is not eligible for getting processed by all BeanPostProcessors (for example: not eligible for auto-proxying)
2018-01-13 12:42:42.507 [main] INFO  o.s.c.s.PostProcessorRegistrationDelegate$BeanPostProcessorChecker - Bean 'sysUserMapper' of type [com.sun.proxy.$Proxy83] is not eligible for getting processed by all BeanPostProcessors (for example: not eligible for auto-proxying)
2018-01-13 12:42:42.526 [main] INFO  o.s.c.s.PostProcessorRegistrationDelegate$BeanPostProcessorChecker - Bean 'sysRoleMapper' of type [org.mybatis.spring.mapper.MapperFactoryBean] is not eligible for getting processed by all BeanPostProcessors (for example: not eligible for auto-proxying)
2018-01-13 12:42:42.529 [main] INFO  o.s.c.s.PostProcessorRegistrationDelegate$BeanPostProcessorChecker - Bean 'sysRoleMapper' of type [com.sun.proxy.$Proxy84] is not eligible for getting processed by all BeanPostProcessors (for example: not eligible for auto-proxying)
2018-01-13 12:42:42.532 [main] INFO  o.s.c.s.PostProcessorRegistrationDelegate$BeanPostProcessorChecker - Bean 'sysRoleServiceImpl' of type [com.viroyal.light.module.user.service.impl.SysRoleServiceImpl] is not eligible for getting processed by all BeanPostProcessors (for example: not eligible for auto-proxying)
2018-01-13 12:42:42.538 [main] INFO  o.s.c.s.PostProcessorRegistrationDelegate$BeanPostProcessorChecker - Bean 'sysPermissionMapper' of type [org.mybatis.spring.mapper.MapperFactoryBean] is not eligible for getting processed by all BeanPostProcessors (for example: not eligible for auto-proxying)
2018-01-13 12:42:42.541 [main] INFO  o.s.c.s.PostProcessorRegistrationDelegate$BeanPostProcessorChecker - Bean 'sysPermissionMapper' of type [com.sun.proxy.$Proxy85] is not eligible for getting processed by all BeanPostProcessors (for example: not eligible for auto-proxying)
2018-01-13 12:42:42.548 [main] INFO  o.s.c.s.PostProcessorRegistrationDelegate$BeanPostProcessorChecker - Bean 'org.springframework.boot.autoconfigure.data.redis.RedisAutoConfiguration$RedisConfiguration' of type [org.springframework.boot.autoconfigure.data.redis.RedisAutoConfiguration$RedisConfiguration$$EnhancerBySpringCGLIB$$f7182357] is not eligible for getting processed by all BeanPostProcessors (for example: not eligible for auto-proxying)
2018-01-13 12:42:42.577 [main] INFO  o.s.c.s.PostProcessorRegistrationDelegate$BeanPostProcessorChecker - Bean 'spring.redis-org.springframework.boot.autoconfigure.data.redis.RedisProperties' of type [org.springframework.boot.autoconfigure.data.redis.RedisProperties] is not eligible for getting processed by all BeanPostProcessors (for example: not eligible for auto-proxying)
2018-01-13 12:42:42.586 [main] INFO  o.s.c.s.PostProcessorRegistrationDelegate$BeanPostProcessorChecker - Bean 'org.springframework.boot.autoconfigure.data.redis.RedisAutoConfiguration$RedisConnectionConfiguration' of type [org.springframework.boot.autoconfigure.data.redis.RedisAutoConfiguration$RedisConnectionConfiguration$$EnhancerBySpringCGLIB$$456fc4d9] is not eligible for getting processed by all BeanPostProcessors (for example: not eligible for auto-proxying)
2018-01-13 12:42:42.632 [main] INFO  o.s.c.s.PostProcessorRegistrationDelegate$BeanPostProcessorChecker - Bean 'redisConnectionFactory' of type [org.springframework.data.redis.connection.jedis.JedisConnectionFactory] is not eligible for getting processed by all BeanPostProcessors (for example: not eligible for auto-proxying)
2018-01-13 12:42:42.667 [main] INFO  o.s.c.s.PostProcessorRegistrationDelegate$BeanPostProcessorChecker - Bean 'stringRedisTemplate' of type [org.springframework.data.redis.core.StringRedisTemplate] is not eligible for getting processed by all BeanPostProcessors (for example: not eligible for auto-proxying)
2018-01-13 12:42:42.667 [main] INFO  o.s.c.s.PostProcessorRegistrationDelegate$BeanPostProcessorChecker - Bean 'myShiroRealm' of type [com.viroyal.light.common.shiro.MyShiroRealm] is not eligible for getting processed by all BeanPostProcessors (for example: not eligible for auto-proxying)
2018-01-13 12:42:42.679 [main] INFO  o.s.c.s.PostProcessorRegistrationDelegate$BeanPostProcessorChecker - Bean 'redisSessionDAO' of type [org.crazycake.shiro.RedisSessionDAO] is not eligible for getting processed by all BeanPostProcessors (for example: not eligible for auto-proxying)
2018-01-13 12:42:42.698 [main] INFO  o.s.c.s.PostProcessorRegistrationDelegate$BeanPostProcessorChecker - Bean 'sessionManager' of type [org.apache.shiro.web.session.mgt.DefaultWebSessionManager] is not eligible for getting processed by all BeanPostProcessors (for example: not eligible for auto-proxying)
2018-01-13 12:42:42.716 [main] INFO  o.s.c.s.PostProcessorRegistrationDelegate$BeanPostProcessorChecker - Bean 'securityManager' of type [org.apache.shiro.web.mgt.DefaultWebSecurityManager] is not eligible for getting processed by all BeanPostProcessors (for example: not eligible for auto-proxying)
2018-01-13 12:42:43.009 [main] DEBUG c.v.l.m.user.dao.SysPermissionInitMapper.selectAll - ==>  Preparing: SELECT * FROM sys_permission_init ORDER BY sort ASC 
2018-01-13 12:42:43.125 [main] DEBUG c.v.l.m.user.dao.SysPermissionInitMapper.selectAll - ==> Parameters: 
2018-01-13 12:42:43.155 [main] DEBUG c.v.l.m.user.dao.SysPermissionInitMapper.selectAll - <==      Total: 10
2018-01-13 12:42:43.225 [main] INFO  o.s.c.s.PostProcessorRegistrationDelegate$BeanPostProcessorChecker - Bean 'authorizationAttributeSourceAdvisor' of type [org.apache.shiro.spring.security.interceptor.AuthorizationAttributeSourceAdvisor] is not eligible for getting processed by all BeanPostProcessors (for example: not eligible for auto-proxying)
2018-01-13 12:42:43.287 [main] INFO  o.s.c.s.PostProcessorRegistrationDelegate$BeanPostProcessorChecker - Bean 'redisConfig' of type [com.viroyal.light.config.RedisConfig$$EnhancerBySpringCGLIB$$6f5f2a1f] is not eligible for getting processed by all BeanPostProcessors (for example: not eligible for auto-proxying)
2018-01-13 12:42:43.304 [main] INFO  o.s.c.s.PostProcessorRegistrationDelegate$BeanPostProcessorChecker - Bean 'org.springframework.cache.annotation.ProxyCachingConfiguration' of type [org.springframework.cache.annotation.ProxyCachingConfiguration$$EnhancerBySpringCGLIB$$fa87d3e8] is not eligible for getting processed by all BeanPostProcessors (for example: not eligible for auto-proxying)
2018-01-13 12:42:43.340 [main] INFO  o.s.c.s.PostProcessorRegistrationDelegate$BeanPostProcessorChecker - Bean 'org.springframework.boot.autoconfigure.cache.CacheAutoConfiguration' of type [org.springframework.boot.autoconfigure.cache.CacheAutoConfiguration$$EnhancerBySpringCGLIB$$eefb988c] is not eligible for getting processed by all BeanPostProcessors (for example: not eligible for auto-proxying)
2018-01-13 12:42:43.369 [main] INFO  o.s.c.s.PostProcessorRegistrationDelegate$BeanPostProcessorChecker - Bean 'spring.cache-org.springframework.boot.autoconfigure.cache.CacheProperties' of type [org.springframework.boot.autoconfigure.cache.CacheProperties] is not eligible for getting processed by all BeanPostProcessors (for example: not eligible for auto-proxying)
2018-01-13 12:42:43.382 [main] INFO  o.s.c.s.PostProcessorRegistrationDelegate$BeanPostProcessorChecker - Bean 'org.springframework.boot.autoconfigure.cache.CacheManagerCustomizers' of type [org.springframework.boot.autoconfigure.cache.CacheManagerCustomizers] is not eligible for getting processed by all BeanPostProcessors (for example: not eligible for auto-proxying)
2018-01-13 12:42:43.388 [main] INFO  o.s.c.s.PostProcessorRegistrationDelegate$BeanPostProcessorChecker - Bean 'org.springframework.boot.autoconfigure.cache.RedisCacheConfiguration' of type [org.springframework.boot.autoconfigure.cache.RedisCacheConfiguration$$EnhancerBySpringCGLIB$$9f8d34e6] is not eligible for getting processed by all BeanPostProcessors (for example: not eligible for auto-proxying)
2018-01-13 12:42:43.414 [main] INFO  o.s.c.s.PostProcessorRegistrationDelegate$BeanPostProcessorChecker - Bean 'redisTemplate' of type [org.springframework.data.redis.core.RedisTemplate] is not eligible for getting processed by all BeanPostProcessors (for example: not eligible for auto-proxying)
2018-01-13 12:42:43.487 [main] INFO  o.s.c.s.PostProcessorRegistrationDelegate$BeanPostProcessorChecker - Bean 'cacheManager' of type [org.springframework.data.redis.cache.RedisCacheManager] is not eligible for getting processed by all BeanPostProcessors (for example: not eligible for auto-proxying)
2018-01-13 12:42:43.503 [main] INFO  o.s.c.s.PostProcessorRegistrationDelegate$BeanPostProcessorChecker - Bean 'cacheAutoConfigurationValidator' of type [org.springframework.boot.autoconfigure.cache.CacheAutoConfiguration$CacheManagerValidator] is not eligible for getting processed by all BeanPostProcessors (for example: not eligible for auto-proxying)
2018-01-13 12:42:43.542 [main] INFO  o.s.c.s.PostProcessorRegistrationDelegate$BeanPostProcessorChecker - Bean 'org.springframework.transaction.annotation.ProxyTransactionManagementConfiguration' of type [org.springframework.transaction.annotation.ProxyTransactionManagementConfiguration$$EnhancerBySpringCGLIB$$b1759dca] is not eligible for getting processed by all BeanPostProcessors (for example: not eligible for auto-proxying)
2018-01-13 12:42:44.535 [main] INFO  o.s.b.c.e.tomcat.TomcatEmbeddedServletContainer - Tomcat initialized with port(s): 8090 (http)
2018-01-13 12:42:44.571 [main] INFO  org.apache.catalina.core.StandardService - Starting service [Tomcat]
2018-01-13 12:42:44.589 [main] INFO  org.apache.catalina.core.StandardEngine - Starting Servlet Engine: Apache Tomcat/8.5.15
2018-01-13 12:42:45.910 [localhost-startStop-1] INFO  org.apache.jasper.servlet.TldScanner - At least one JAR was scanned for TLDs yet contained no TLDs. Enable debug logging for this logger for a complete list of JARs that were scanned but no TLDs were found in them. Skipping unneeded JARs during scanning can improve startup time and JSP compilation time.
2018-01-13 12:42:45.926 [localhost-startStop-1] INFO  o.a.c.core.ContainerBase.[Tomcat].[localhost].[/] - Initializing Spring embedded WebApplicationContext
2018-01-13 12:42:45.927 [localhost-startStop-1] INFO  org.springframework.web.context.ContextLoader - Root WebApplicationContext: initialization completed in 9991 ms
2018-01-13 12:42:46.700 [localhost-startStop-1] INFO  o.s.boot.web.servlet.FilterRegistrationBean - Mapping filter: 'metricsFilter' to: [/*]
2018-01-13 12:42:46.701 [localhost-startStop-1] INFO  o.s.boot.web.servlet.FilterRegistrationBean - Mapping filter: 'characterEncodingFilter' to: [/*]
2018-01-13 12:42:46.701 [localhost-startStop-1] INFO  o.s.boot.web.servlet.FilterRegistrationBean - Mapping filter: 'hiddenHttpMethodFilter' to: [/*]
2018-01-13 12:42:46.702 [localhost-startStop-1] INFO  o.s.boot.web.servlet.FilterRegistrationBean - Mapping filter: 'httpPutFormContentFilter' to: [/*]
2018-01-13 12:42:46.702 [localhost-startStop-1] INFO  o.s.boot.web.servlet.FilterRegistrationBean - Mapping filter: 'requestContextFilter' to: [/*]
2018-01-13 12:42:46.702 [localhost-startStop-1] INFO  o.s.boot.web.servlet.FilterRegistrationBean - Mapping filter: 'webRequestLoggingFilter' to: [/*]
2018-01-13 12:42:46.702 [localhost-startStop-1] INFO  o.s.boot.web.servlet.FilterRegistrationBean - Mapping filter: 'webStatFilter' to urls: [/*]
2018-01-13 12:42:46.703 [localhost-startStop-1] INFO  o.s.boot.web.servlet.FilterRegistrationBean - Mapping filter: 'shiroFilter' to: [/*]
2018-01-13 12:42:46.703 [localhost-startStop-1] INFO  o.s.boot.web.servlet.FilterRegistrationBean - Mapping filter: 'applicationContextIdFilter' to: [/*]
2018-01-13 12:42:46.703 [localhost-startStop-1] INFO  o.s.boot.web.servlet.ServletRegistrationBean - Mapping servlet: 'statViewServlet' to [/druid/*]
2018-01-13 12:42:46.705 [localhost-startStop-1] INFO  o.s.boot.web.servlet.ServletRegistrationBean - Mapping servlet: 'dispatcherServlet' to [/]
2018-01-13 12:42:47.125 [main] INFO  o.s.orm.jpa.LocalContainerEntityManagerFactoryBean - Building JPA container EntityManagerFactory for persistence unit 'default'
2018-01-13 12:42:47.149 [main] INFO  org.hibernate.jpa.internal.util.LogHelper - HHH000204: Processing PersistenceUnitInfo [
	name: default
	...]
2018-01-13 12:42:47.363 [main] INFO  org.hibernate.Version - HHH000412: Hibernate Core {5.0.12.Final}
2018-01-13 12:42:47.366 [main] INFO  org.hibernate.cfg.Environment - HHH000206: hibernate.properties not found
2018-01-13 12:42:47.368 [main] INFO  org.hibernate.cfg.Environment - HHH000021: Bytecode provider name : javassist
2018-01-13 12:42:47.479 [main] INFO  org.hibernate.annotations.common.Version - HCANN000001: Hibernate Commons Annotations {5.0.1.Final}
2018-01-13 12:42:48.012 [main] INFO  org.hibernate.dialect.Dialect - HHH000400: Using dialect: org.hibernate.dialect.MySQL5Dialect
2018-01-13 12:42:48.459 [main] INFO  o.s.orm.jpa.LocalContainerEntityManagerFactoryBean - Initialized JPA EntityManagerFactory for persistence unit 'default'
2018-01-13 12:42:48.515 [main] INFO  c.v.l.c.RedisConfig$$EnhancerBySpringCGLIB$$6f5f2a1f - JedisPool注入成功！！
2018-01-13 12:42:48.515 [main] INFO  c.v.l.c.RedisConfig$$EnhancerBySpringCGLIB$$6f5f2a1f - redis地址：localhost:6379
2018-01-13 12:42:51.566 [main] INFO  o.a.c.core.ContainerBase.[Tomcat].[localhost].[/] - jolokia: No access restrictor found, access to any MBean is allowed
2018-01-13 12:42:52.210 [main] INFO  o.s.w.s.m.m.a.RequestMappingHandlerMapping - Mapped "{[/lightInfo/queryWithCondition],methods=[POST]}" onto public java.lang.String com.viroyal.light.module.light.controller.SysLightInfoController.queryWithCondition(java.util.Map<java.lang.String, java.lang.Object>)
2018-01-13 12:42:52.212 [main] INFO  o.s.w.s.m.m.a.RequestMappingHandlerMapping - Mapped "{[/lightInfo/lightInfoList],methods=[GET]}" onto public java.lang.String com.viroyal.light.module.light.controller.SysLightInfoController.lightInfoList()
2018-01-13 12:42:52.212 [main] INFO  o.s.w.s.m.m.a.RequestMappingHandlerMapping - Mapped "{[/lightInfo/queryCityLight],methods=[GET]}" onto public java.lang.String com.viroyal.light.module.light.controller.SysLightInfoController.queryCityLight(java.lang.String)
2018-01-13 12:42:52.213 [main] INFO  o.s.w.s.m.m.a.RequestMappingHandlerMapping - Mapped "{[/lightInfo/queryAreaLight],methods=[GET]}" onto public java.lang.String com.viroyal.light.module.light.controller.SysLightInfoController.queryAreaLight(java.lang.String)
2018-01-13 12:42:52.213 [main] INFO  o.s.w.s.m.m.a.RequestMappingHandlerMapping - Mapped "{[/lightInfo/queryStreetLight],methods=[GET]}" onto public java.lang.String com.viroyal.light.module.light.controller.SysLightInfoController.queryByStreet(java.lang.String)
2018-01-13 12:42:52.214 [main] INFO  o.s.w.s.m.m.a.RequestMappingHandlerMapping - Mapped "{[/lightInfo/queryGroupLight],methods=[GET]}" onto public java.lang.String com.viroyal.light.module.light.controller.SysLightInfoController.queryByGroup(java.lang.String)
2018-01-13 12:42:52.214 [main] INFO  o.s.w.s.m.m.a.RequestMappingHandlerMapping - Mapped "{[/lightInfo/queryUserLight],methods=[GET]}" onto public java.lang.String com.viroyal.light.module.light.controller.SysLightInfoController.queryByUser(java.lang.String)
2018-01-13 12:42:52.215 [main] INFO  o.s.w.s.m.m.a.RequestMappingHandlerMapping - Mapped "{[/lightInfo/queryStatusLight],methods=[GET]}" onto public java.lang.String com.viroyal.light.module.light.controller.SysLightInfoController.queryByStatus(java.lang.String)
2018-01-13 12:42:52.215 [main] INFO  o.s.w.s.m.m.a.RequestMappingHandlerMapping - Mapped "{[/lightInfo/getLightInfo],methods=[GET]}" onto public java.lang.String com.viroyal.light.module.light.controller.SysLightInfoController.getLightInfo(java.lang.String)
2018-01-13 12:42:52.216 [main] INFO  o.s.w.s.m.m.a.RequestMappingHandlerMapping - Mapped "{[/lightInfo/lightInfoSave],methods=[POST]}" onto public java.lang.String com.viroyal.light.module.light.controller.SysLightInfoController.saveStreet(com.viroyal.light.module.light.entity.SysLightInfo)
2018-01-13 12:42:52.216 [main] INFO  o.s.w.s.m.m.a.RequestMappingHandlerMapping - Mapped "{[/lightInfo/lightInfoDelete],methods=[GET]}" onto public java.lang.String com.viroyal.light.module.light.controller.SysLightInfoController.deleteLightInfo(java.lang.String[])
2018-01-13 12:42:52.217 [main] INFO  o.s.w.s.m.m.a.RequestMappingHandlerMapping - Mapped "{[/lightInfo/lightInfoUpdate],methods=[POST]}" onto public java.lang.String com.viroyal.light.module.light.controller.SysLightInfoController.updateLightInfo(com.viroyal.light.module.light.entity.SysLightInfo)
2018-01-13 12:42:52.223 [main] INFO  o.s.w.s.m.m.a.RequestMappingHandlerMapping - Mapped "{[/region/queryWithCondition],methods=[POST]}" onto public java.lang.String com.viroyal.light.module.location.controller.SysRegionController.queryWithCondition(java.util.Map<java.lang.String, java.lang.Object>)
2018-01-13 12:42:52.223 [main] INFO  o.s.w.s.m.m.a.RequestMappingHandlerMapping - Mapped "{[/region/cityList],methods=[GET]}" onto public java.lang.String com.viroyal.light.module.location.controller.SysRegionController.getCityList()
2018-01-13 12:42:52.223 [main] INFO  o.s.w.s.m.m.a.RequestMappingHandlerMapping - Mapped "{[/region/areaList],methods=[GET]}" onto public java.lang.String com.viroyal.light.module.location.controller.SysRegionController.getAreaList()
2018-01-13 12:42:52.224 [main] INFO  o.s.w.s.m.m.a.RequestMappingHandlerMapping - Mapped "{[/region/streetList],methods=[GET]}" onto public java.lang.String com.viroyal.light.module.location.controller.SysRegionController.getStreetList()
2018-01-13 12:42:52.224 [main] INFO  o.s.w.s.m.m.a.RequestMappingHandlerMapping - Mapped "{[/region/regionSave],methods=[POST]}" onto public java.lang.String com.viroyal.light.module.location.controller.SysRegionController.saveRegion(com.viroyal.light.module.location.entity.SysRegion)
2018-01-13 12:42:52.225 [main] INFO  o.s.w.s.m.m.a.RequestMappingHandlerMapping - Mapped "{[/region/regionDelete],methods=[GET]}" onto public java.lang.String com.viroyal.light.module.location.controller.SysRegionController.deleteRegion(java.lang.String[])
2018-01-13 12:42:52.225 [main] INFO  o.s.w.s.m.m.a.RequestMappingHandlerMapping - Mapped "{[/region/regionUpdate],methods=[POST]}" onto public java.lang.String com.viroyal.light.module.location.controller.SysRegionController.updateRegion(com.viroyal.light.module.location.entity.SysRegion)
2018-01-13 12:42:52.225 [main] INFO  o.s.w.s.m.m.a.RequestMappingHandlerMapping - Mapped "{[/region/getAreaStreet],methods=[GET]}" onto public java.lang.String com.viroyal.light.module.location.controller.SysRegionController.getAreaStreet(java.lang.String)
2018-01-13 12:42:52.226 [main] INFO  o.s.w.s.m.m.a.RequestMappingHandlerMapping - Mapped "{[/region/getAreaByCity],methods=[GET]}" onto public java.lang.String com.viroyal.light.module.location.controller.SysRegionController.getAreaByCity(java.lang.String)
2018-01-13 12:42:52.227 [main] INFO  o.s.w.s.m.m.a.RequestMappingHandlerMapping - Mapped "{[/redis/getKeysSize]}" onto public java.lang.String com.viroyal.light.module.user.controller.RedisController.getKeysSize()
2018-01-13 12:42:52.228 [main] INFO  o.s.w.s.m.m.a.RequestMappingHandlerMapping - Mapped "{[/redis/logEmpty]}" onto public java.lang.String com.viroyal.light.module.user.controller.RedisController.logEmpty()
2018-01-13 12:42:52.228 [main] INFO  o.s.w.s.m.m.a.RequestMappingHandlerMapping - Mapped "{[/redis/getMemeryInfo]}" onto public java.lang.String com.viroyal.light.module.user.controller.RedisController.getMemeryInfo()
2018-01-13 12:42:52.228 [main] INFO  o.s.w.s.m.m.a.RequestMappingHandlerMapping - Mapped "{[/redis/redisMonitor]}" onto public java.lang.String com.viroyal.light.module.user.controller.RedisController.redisMonitor(org.springframework.ui.Model)
2018-01-13 12:42:52.230 [main] INFO  o.s.w.s.m.m.a.RequestMappingHandlerMapping - Mapped "{[/index],methods=[GET]}" onto public java.lang.String com.viroyal.light.module.user.controller.SysLoginController.index()
2018-01-13 12:42:52.230 [main] INFO  o.s.w.s.m.m.a.RequestMappingHandlerMapping - Mapped "{[/add],methods=[GET]}" onto public java.lang.String com.viroyal.light.module.user.controller.SysLoginController.add()
2018-01-13 12:42:52.231 [main] INFO  o.s.w.s.m.m.a.RequestMappingHandlerMapping - Mapped "{[/kickout],methods=[GET]}" onto public java.lang.String com.viroyal.light.module.user.controller.SysLoginController.kickout()
2018-01-13 12:42:52.231 [main] INFO  o.s.w.s.m.m.a.RequestMappingHandlerMapping - Mapped "{[/updatePermission],methods=[GET]}" onto public java.lang.String com.viroyal.light.module.user.controller.SysLoginController.updatePermission()
2018-01-13 12:42:52.231 [main] INFO  o.s.w.s.m.m.a.RequestMappingHandlerMapping - Mapped "{[/userLogin],methods=[POST]}" onto public java.lang.String com.viroyal.light.module.user.controller.SysLoginController.login(java.lang.String,java.lang.String)
2018-01-13 12:42:52.231 [main] INFO  o.s.w.s.m.m.a.RequestMappingHandlerMapping - Mapped "{[/login],methods=[GET]}" onto public java.lang.String com.viroyal.light.module.user.controller.SysLoginController.login()
2018-01-13 12:42:52.232 [main] INFO  o.s.w.s.m.m.a.RequestMappingHandlerMapping - Mapped "{[/403],methods=[GET]}" onto public java.lang.String com.viroyal.light.module.user.controller.SysLoginController.noPermissions()
2018-01-13 12:42:52.233 [main] INFO  o.s.w.s.m.m.a.RequestMappingHandlerMapping - Mapped "{[/kickouting],methods=[GET]}" onto public java.lang.String com.viroyal.light.module.user.controller.SysLoginController.kickouting()
2018-01-13 12:42:52.233 [main] INFO  o.s.w.s.m.m.a.RequestMappingHandlerMapping - Mapped "{[/logout],methods=[GET]}" onto public java.util.Map<java.lang.String, java.lang.Object> com.viroyal.light.module.user.controller.SysLoginController.logout()
2018-01-13 12:42:52.233 [main] INFO  o.s.w.s.m.m.a.RequestMappingHandlerMapping - Mapped "{[/userLogout],methods=[GET]}" onto public java.util.Map<java.lang.String, java.lang.Object> com.viroyal.light.module.user.controller.SysLoginController.userLogout()
2018-01-13 12:42:52.234 [main] INFO  o.s.w.s.m.m.a.RequestMappingHandlerMapping - Mapped "{[/ajaxLogin],methods=[POST]}" onto public java.util.Map<java.lang.String, java.lang.Object> com.viroyal.light.module.user.controller.SysLoginController.submitLogin(java.lang.String,java.lang.String,java.lang.String,java.lang.Boolean,org.springframework.ui.Model)
2018-01-13 12:42:52.234 [main] INFO  o.s.w.s.m.m.a.RequestMappingHandlerMapping - Mapped "{[/getGifCode],methods=[GET]}" onto public void com.viroyal.light.module.user.controller.SysLoginController.getGifCode(javax.servlet.http.HttpServletResponse,javax.servlet.http.HttpServletRequest)
2018-01-13 12:42:52.237 [main] INFO  o.s.w.s.m.m.a.RequestMappingHandlerMapping - Mapped "{[/permission/delete],methods=[GET]}" onto public java.lang.String com.viroyal.light.module.user.controller.SysPermissionController.delete(java.lang.String[])
2018-01-13 12:42:52.238 [main] INFO  o.s.w.s.m.m.a.RequestMappingHandlerMapping - Mapped "{[/permission/queryWithCondition],methods=[POST]}" onto public java.lang.String com.viroyal.light.module.user.controller.SysPermissionController.queryWithCondition(java.util.Map<java.lang.String, java.lang.Object>)
2018-01-13 12:42:52.238 [main] INFO  o.s.w.s.m.m.a.RequestMappingHandlerMapping - Mapped "{[/permission/getPermissionListWithPager],methods=[GET]}" onto public java.lang.String com.viroyal.light.module.user.controller.SysPermissionController.getPermissionListWithPager(com.viroyal.light.common.page.FrontPage<com.viroyal.light.module.user.entity.SysPermission>)
2018-01-13 12:42:52.239 [main] INFO  o.s.w.s.m.m.a.RequestMappingHandlerMapping - Mapped "{[/permission/edit],methods=[POST]}" onto public java.lang.String com.viroyal.light.module.user.controller.SysPermissionController.edit(com.viroyal.light.module.user.entity.SysPermission,org.springframework.ui.Model)
2018-01-13 12:42:52.239 [main] INFO  o.s.w.s.m.m.a.RequestMappingHandlerMapping - Mapped "{[/permission/editPage/{Id}],methods=[GET]}" onto public java.lang.String com.viroyal.light.module.user.controller.SysPermissionController.editPage(java.lang.String,org.springframework.ui.Model)
2018-01-13 12:42:52.239 [main] INFO  o.s.w.s.m.m.a.RequestMappingHandlerMapping - Mapped "{[/permission/permissionPage],methods=[GET]}" onto public java.lang.String com.viroyal.light.module.user.controller.SysPermissionController.permissionPage(java.lang.String,org.springframework.ui.Model)
2018-01-13 12:42:52.240 [main] INFO  o.s.w.s.m.m.a.RequestMappingHandlerMapping - Mapped "{[/permission/permissionList],methods=[GET]}" onto public java.lang.String com.viroyal.light.module.user.controller.SysPermissionController.permissionList()
2018-01-13 12:42:52.240 [main] INFO  o.s.w.s.m.m.a.RequestMappingHandlerMapping - Mapped "{[/permission/permissionSave],methods=[POST]}" onto public java.lang.String com.viroyal.light.module.user.controller.SysPermissionController.permissionSave(com.viroyal.light.module.user.entity.SysPermission)
2018-01-13 12:42:52.241 [main] INFO  o.s.w.s.m.m.a.RequestMappingHandlerMapping - Mapped "{[/permission/permissionDelete],methods=[POST]}" onto public java.lang.String com.viroyal.light.module.user.controller.SysPermissionController.permissionDelete(java.lang.String[])
2018-01-13 12:42:52.241 [main] INFO  o.s.w.s.m.m.a.RequestMappingHandlerMapping - Mapped "{[/permission/permissionUpdate],methods=[POST]}" onto public java.lang.String com.viroyal.light.module.user.controller.SysPermissionController.permissionUpdate(com.viroyal.light.module.user.entity.SysPermission)
2018-01-13 12:42:52.243 [main] INFO  o.s.w.s.m.m.a.RequestMappingHandlerMapping - Mapped "{[/permissionInit/delete]}" onto public java.lang.String com.viroyal.light.module.user.controller.SysPermissionInitController.delete(java.lang.String[])
2018-01-13 12:42:52.244 [main] INFO  o.s.w.s.m.m.a.RequestMappingHandlerMapping - Mapped "{[/permissionInit/getPermissionInitListWithPager]}" onto public java.lang.String com.viroyal.light.module.user.controller.SysPermissionInitController.getPermissionInitListWithPager(com.viroyal.light.common.page.FrontPage<com.viroyal.light.module.user.entity.SysPermissionInit>)
2018-01-13 12:42:52.244 [main] INFO  o.s.w.s.m.m.a.RequestMappingHandlerMapping - Mapped "{[/permissionInit/edit]}" onto public java.lang.String com.viroyal.light.module.user.controller.SysPermissionInitController.edit(com.viroyal.light.module.user.entity.SysPermissionInit,org.springframework.ui.Model)
2018-01-13 12:42:52.244 [main] INFO  o.s.w.s.m.m.a.RequestMappingHandlerMapping - Mapped "{[/permissionInit/editPage/{Id}]}" onto public java.lang.String com.viroyal.light.module.user.controller.SysPermissionInitController.editPage(java.lang.String,org.springframework.ui.Model)
2018-01-13 12:42:52.245 [main] INFO  o.s.w.s.m.m.a.RequestMappingHandlerMapping - Mapped "{[/permissionInit/permissionInitPage]}" onto public java.lang.String com.viroyal.light.module.user.controller.SysPermissionInitController.userPage(java.lang.String,org.springframework.ui.Model)
2018-01-13 12:42:52.247 [main] INFO  o.s.w.s.m.m.a.RequestMappingHandlerMapping - Mapped "{[/role/delete]}" onto public java.lang.String com.viroyal.light.module.user.controller.SysRoleController.delete(java.lang.String[])
2018-01-13 12:42:52.247 [main] INFO  o.s.w.s.m.m.a.RequestMappingHandlerMapping - Mapped "{[/role/forward/save]}" onto public java.lang.String com.viroyal.light.module.user.controller.SysRoleController.save()
2018-01-13 12:42:52.247 [main] INFO  o.s.w.s.m.m.a.RequestMappingHandlerMapping - Mapped "{[/role/rolePage]}" onto public java.lang.String com.viroyal.light.module.user.controller.SysRoleController.role(java.lang.String,org.springframework.ui.Model)
2018-01-13 12:42:52.248 [main] INFO  o.s.w.s.m.m.a.RequestMappingHandlerMapping - Mapped "{[/role/getRoleListWithPager]}" onto public java.lang.String com.viroyal.light.module.user.controller.SysRoleController.getRoleListWithPager(com.viroyal.light.common.page.FrontPage<com.viroyal.light.module.user.entity.SysRole>)
2018-01-13 12:42:52.248 [main] INFO  o.s.w.s.m.m.a.RequestMappingHandlerMapping - Mapped "{[/role/editPage/{Id}]}" onto public java.lang.String com.viroyal.light.module.user.controller.SysRoleController.editPage(java.lang.String,org.springframework.ui.Model)
2018-01-13 12:42:52.248 [main] INFO  o.s.w.s.m.m.a.RequestMappingHandlerMapping - Mapped "{[/role/list]}" onto public java.lang.String com.viroyal.light.module.user.controller.SysRoleController.getRoleList()
2018-01-13 12:42:52.249 [main] INFO  o.s.w.s.m.m.a.RequestMappingHandlerMapping - Mapped "{[/role/edit]}" onto public java.lang.String com.viroyal.light.module.user.controller.SysRoleController.editRole(com.viroyal.light.module.user.entity.SysRole)
2018-01-13 12:42:52.249 [main] INFO  o.s.w.s.m.m.a.RequestMappingHandlerMapping - Mapped "{[/role/save]}" onto public java.lang.String com.viroyal.light.module.user.controller.SysRoleController.saveRole(com.viroyal.light.module.user.entity.SysRole)
2018-01-13 12:42:52.253 [main] INFO  o.s.w.s.m.m.a.RequestMappingHandlerMapping - Mapped "{[/user/userUpdate],methods=[POST]}" onto public java.lang.String com.viroyal.light.module.user.controller.SysUserController.update(com.viroyal.light.module.user.entity.SysUser)
2018-01-13 12:42:52.254 [main] INFO  o.s.w.s.m.m.a.RequestMappingHandlerMapping - Mapped "{[/user/forward/save],methods=[GET]}" onto public java.lang.String com.viroyal.light.module.user.controller.SysUserController.save()
2018-01-13 12:42:52.254 [main] INFO  o.s.w.s.m.m.a.RequestMappingHandlerMapping - Mapped "{[/user/userAdd],methods=[POST]}" onto public java.lang.String com.viroyal.light.module.user.controller.SysUserController.save(com.viroyal.light.module.user.entity.SysUser)
2018-01-13 12:42:52.255 [main] INFO  o.s.w.s.m.m.a.RequestMappingHandlerMapping - Mapped "{[/user/kickout],methods=[GET]}" onto public java.lang.String com.viroyal.light.module.user.controller.SysUserController.kickout(java.lang.String[])
2018-01-13 12:42:52.255 [main] INFO  o.s.w.s.m.m.a.RequestMappingHandlerMapping - Mapped "{[/user/getUserListWithPager],methods=[GET]}" onto public java.lang.String com.viroyal.light.module.user.controller.SysUserController.getUserListWithPager(com.viroyal.light.common.page.FrontPage<com.viroyal.light.module.user.entity.SysUser>)
2018-01-13 12:42:52.255 [main] INFO  o.s.w.s.m.m.a.RequestMappingHandlerMapping - Mapped "{[/user/editPage/{Id}],methods=[GET]}" onto public java.lang.String com.viroyal.light.module.user.controller.SysUserController.editPage(java.lang.String,org.springframework.ui.Model)
2018-01-13 12:42:52.256 [main] INFO  o.s.w.s.m.m.a.RequestMappingHandlerMapping - Mapped "{[/user/userPage],methods=[GET]}" onto public java.lang.String com.viroyal.light.module.user.controller.SysUserController.userPage(java.lang.String,org.springframework.ui.Model)
2018-01-13 12:42:52.256 [main] INFO  o.s.w.s.m.m.a.RequestMappingHandlerMapping - Mapped "{[/user/getUserPage],methods=[GET]}" onto public java.lang.String com.viroyal.light.module.user.controller.SysUserController.userPage(int,int,java.lang.String,java.lang.String)
2018-01-13 12:42:52.256 [main] INFO  o.s.w.s.m.m.a.RequestMappingHandlerMapping - Mapped "{[/user/getUser],methods=[GET]}" onto public java.lang.String com.viroyal.light.module.user.controller.SysUserController.getUser(java.lang.String)
2018-01-13 12:42:52.257 [main] INFO  o.s.w.s.m.m.a.RequestMappingHandlerMapping - Mapped "{[/user/save],methods=[POST]}" onto public java.lang.String com.viroyal.light.module.user.controller.SysUserController.saveUser(com.viroyal.light.module.user.entity.SysUser,java.lang.String)
2018-01-13 12:42:52.257 [main] INFO  o.s.w.s.m.m.a.RequestMappingHandlerMapping - Mapped "{[/user/edit],methods=[POST]}" onto public java.lang.String com.viroyal.light.module.user.controller.SysUserController.updateUser(com.viroyal.light.module.user.entity.SysUser,java.lang.String)
2018-01-13 12:42:52.257 [main] INFO  o.s.w.s.m.m.a.RequestMappingHandlerMapping - Mapped "{[/user/userList],methods=[GET]}" onto public java.lang.String com.viroyal.light.module.user.controller.SysUserController.getUserList()
2018-01-13 12:42:52.258 [main] INFO  o.s.w.s.m.m.a.RequestMappingHandlerMapping - Mapped "{[/user/userDelete],methods=[GET]}" onto public java.lang.String com.viroyal.light.module.user.controller.SysUserController.userBatchUpdate(java.lang.String[])
2018-01-13 12:42:52.258 [main] INFO  o.s.w.s.m.m.a.RequestMappingHandlerMapping - Mapped "{[/user/onlineUserPage],methods=[GET]}" onto public java.lang.String com.viroyal.light.module.user.controller.SysUserController.onlineUserPage()
2018-01-13 12:42:52.258 [main] INFO  o.s.w.s.m.m.a.RequestMappingHandlerMapping - Mapped "{[/user/onlineUsers],methods=[GET]}" onto public java.lang.String com.viroyal.light.module.user.controller.SysUserController.OnlineUsers(com.viroyal.light.common.page.FrontPage<com.viroyal.light.module.user.entity.UserOnlineBo>)
2018-01-13 12:42:52.259 [main] INFO  o.s.w.s.m.m.a.RequestMappingHandlerMapping - Mapped "{[/v2/api-docs],methods=[GET],produces=[application/json || application/hal+json]}" onto public org.springframework.http.ResponseEntity<springfox.documentation.spring.web.json.Json> springfox.documentation.swagger2.web.Swagger2Controller.getDocumentation(java.lang.String,javax.servlet.http.HttpServletRequest)
2018-01-13 12:42:52.264 [main] INFO  o.s.w.s.m.m.a.RequestMappingHandlerMapping - Mapped "{[/swagger-resources/configuration/security]}" onto org.springframework.http.ResponseEntity<springfox.documentation.swagger.web.SecurityConfiguration> springfox.documentation.swagger.web.ApiResourceController.securityConfiguration()
2018-01-13 12:42:52.265 [main] INFO  o.s.w.s.m.m.a.RequestMappingHandlerMapping - Mapped "{[/swagger-resources/configuration/ui]}" onto org.springframework.http.ResponseEntity<springfox.documentation.swagger.web.UiConfiguration> springfox.documentation.swagger.web.ApiResourceController.uiConfiguration()
2018-01-13 12:42:52.266 [main] INFO  o.s.w.s.m.m.a.RequestMappingHandlerMapping - Mapped "{[/swagger-resources]}" onto org.springframework.http.ResponseEntity<java.util.List<springfox.documentation.swagger.web.SwaggerResource>> springfox.documentation.swagger.web.ApiResourceController.swaggerResources()
2018-01-13 12:42:52.271 [main] INFO  o.s.w.s.m.m.a.RequestMappingHandlerMapping - Mapped "{[/error]}" onto public org.springframework.http.ResponseEntity<java.util.Map<java.lang.String, java.lang.Object>> org.springframework.boot.autoconfigure.web.BasicErrorController.error(javax.servlet.http.HttpServletRequest)
2018-01-13 12:42:52.271 [main] INFO  o.s.w.s.m.m.a.RequestMappingHandlerMapping - Mapped "{[/error],produces=[text/html]}" onto public org.springframework.web.servlet.ModelAndView org.springframework.boot.autoconfigure.web.BasicErrorController.errorHtml(javax.servlet.http.HttpServletRequest,javax.servlet.http.HttpServletResponse)
2018-01-13 12:42:53.255 [main] INFO  o.s.b.actuate.endpoint.mvc.EndpointHandlerMapping - Mapped "{[/health || /health.json],produces=[application/json]}" onto public java.lang.Object org.springframework.boot.actuate.endpoint.mvc.HealthMvcEndpoint.invoke(java.security.Principal)
2018-01-13 12:42:53.258 [main] INFO  o.s.b.actuate.endpoint.mvc.EndpointHandlerMapping - Mapped "{[/autoconfig || /autoconfig.json],methods=[GET],produces=[application/json]}" onto public java.lang.Object org.springframework.boot.actuate.endpoint.mvc.EndpointMvcAdapter.invoke()
2018-01-13 12:42:53.259 [main] INFO  o.s.b.actuate.endpoint.mvc.EndpointHandlerMapping - Mapped "{[/configprops || /configprops.json],methods=[GET],produces=[application/json]}" onto public java.lang.Object org.springframework.boot.actuate.endpoint.mvc.EndpointMvcAdapter.invoke()
2018-01-13 12:42:53.260 [main] INFO  o.s.b.actuate.endpoint.mvc.EndpointHandlerMapping - Mapped "{[/mappings || /mappings.json],methods=[GET],produces=[application/json]}" onto public java.lang.Object org.springframework.boot.actuate.endpoint.mvc.EndpointMvcAdapter.invoke()
2018-01-13 12:42:53.262 [main] INFO  o.s.b.actuate.endpoint.mvc.EndpointHandlerMapping - Mapped "{[/env/{name:.*}],methods=[GET],produces=[application/json]}" onto public java.lang.Object org.springframework.boot.actuate.endpoint.mvc.EnvironmentMvcEndpoint.value(java.lang.String)
2018-01-13 12:42:53.263 [main] INFO  o.s.b.actuate.endpoint.mvc.EndpointHandlerMapping - Mapped "{[/env || /env.json],methods=[GET],produces=[application/json]}" onto public java.lang.Object org.springframework.boot.actuate.endpoint.mvc.EndpointMvcAdapter.invoke()
2018-01-13 12:42:53.264 [main] INFO  o.s.b.actuate.endpoint.mvc.EndpointHandlerMapping - Mapped "{[/trace || /trace.json],methods=[GET],produces=[application/json]}" onto public java.lang.Object org.springframework.boot.actuate.endpoint.mvc.EndpointMvcAdapter.invoke()
2018-01-13 12:42:53.265 [main] INFO  o.s.b.actuate.endpoint.mvc.EndpointHandlerMapping - Mapped "{[/dump || /dump.json],methods=[GET],produces=[application/json]}" onto public java.lang.Object org.springframework.boot.actuate.endpoint.mvc.EndpointMvcAdapter.invoke()
2018-01-13 12:42:53.269 [main] INFO  o.s.b.actuate.endpoint.mvc.EndpointHandlerMapping - Mapped "{[/metrics/{name:.*}],methods=[GET],produces=[application/json]}" onto public java.lang.Object org.springframework.boot.actuate.endpoint.mvc.MetricsMvcEndpoint.value(java.lang.String)
2018-01-13 12:42:53.270 [main] INFO  o.s.b.actuate.endpoint.mvc.EndpointHandlerMapping - Mapped "{[/metrics || /metrics.json],methods=[GET],produces=[application/json]}" onto public java.lang.Object org.springframework.boot.actuate.endpoint.mvc.EndpointMvcAdapter.invoke()
2018-01-13 12:42:53.271 [main] INFO  o.s.b.actuate.endpoint.mvc.EndpointHandlerMapping - Mapped "{[/jolokia/**]}" onto public org.springframework.web.servlet.ModelAndView org.springframework.boot.actuate.endpoint.mvc.JolokiaMvcEndpoint.handle(javax.servlet.http.HttpServletRequest,javax.servlet.http.HttpServletResponse) throws java.lang.Exception
2018-01-13 12:42:53.272 [main] INFO  o.s.b.actuate.endpoint.mvc.EndpointHandlerMapping - Mapped "{[/beans || /beans.json],methods=[GET],produces=[application/json]}" onto public java.lang.Object org.springframework.boot.actuate.endpoint.mvc.EndpointMvcAdapter.invoke()
2018-01-13 12:42:53.273 [main] INFO  o.s.b.actuate.endpoint.mvc.EndpointHandlerMapping - Mapped "{[/heapdump || /heapdump.json],methods=[GET],produces=[application/octet-stream]}" onto public void org.springframework.boot.actuate.endpoint.mvc.HeapdumpMvcEndpoint.invoke(boolean,javax.servlet.http.HttpServletRequest,javax.servlet.http.HttpServletResponse) throws java.io.IOException,javax.servlet.ServletException
2018-01-13 12:42:53.274 [main] INFO  o.s.b.actuate.endpoint.mvc.EndpointHandlerMapping - Mapped "{[/info || /info.json],methods=[GET],produces=[application/json]}" onto public java.lang.Object org.springframework.boot.actuate.endpoint.mvc.EndpointMvcAdapter.invoke()
2018-01-13 12:42:53.868 [main] INFO  o.s.w.s.m.m.a.RequestMappingHandlerAdapter - Looking for @ControllerAdvice: org.springframework.boot.context.embedded.AnnotationConfigEmbeddedWebApplicationContext@37654521: startup date [Sat Jan 13 12:42:35 CST 2018]; root of context hierarchy
2018-01-13 12:42:54.147 [main] INFO  o.s.web.servlet.handler.SimpleUrlHandlerMapping - Mapped URL path [/webjars/**] onto handler of type [class org.springframework.web.servlet.resource.ResourceHttpRequestHandler]
2018-01-13 12:42:54.147 [main] INFO  o.s.web.servlet.handler.SimpleUrlHandlerMapping - Mapped URL path [/**] onto handler of type [class org.springframework.web.servlet.resource.ResourceHttpRequestHandler]
2018-01-13 12:42:54.323 [main] INFO  o.s.web.servlet.handler.SimpleUrlHandlerMapping - Mapped URL path [/**/favicon.ico] onto handler of type [class org.springframework.web.servlet.resource.ResourceHttpRequestHandler]
2018-01-13 12:42:56.822 [main] INFO  o.s.jmx.export.annotation.AnnotationMBeanExporter - Registering beans for JMX exposure on startup
2018-01-13 12:42:56.825 [main] INFO  o.s.jmx.export.annotation.AnnotationMBeanExporter - Bean with name 'dataSource' has been autodetected for JMX exposure
2018-01-13 12:42:56.825 [main] INFO  o.s.jmx.export.annotation.AnnotationMBeanExporter - Bean with name 'wallConfig' has been autodetected for JMX exposure
2018-01-13 12:42:56.825 [main] INFO  o.s.jmx.export.annotation.AnnotationMBeanExporter - Bean with name 'wallFilter' has been autodetected for JMX exposure
2018-01-13 12:42:56.841 [main] INFO  o.s.jmx.export.annotation.AnnotationMBeanExporter - Located MBean 'wallConfig': registering with JMX server as MBean [com.alibaba.druid.wall:name=wallConfig,type=WallConfig]
2018-01-13 12:42:56.845 [main] INFO  o.s.jmx.export.annotation.AnnotationMBeanExporter - Located MBean 'dataSource': registering with JMX server as MBean [com.alibaba.druid.pool:name=dataSource,type=DruidDataSource]
2018-01-13 12:42:56.847 [main] INFO  o.s.jmx.export.annotation.AnnotationMBeanExporter - Located MBean 'wallFilter': registering with JMX server as MBean [com.alibaba.druid.wall:name=wallFilter,type=WallFilter]
2018-01-13 12:42:56.848 [main] INFO  o.s.b.actuate.endpoint.jmx.EndpointMBeanExporter - Registering beans for JMX exposure on startup
2018-01-13 12:42:56.965 [main] INFO  o.s.context.support.DefaultLifecycleProcessor - Starting beans in phase 0
2018-01-13 12:42:57.058 [main] INFO  o.s.b.actuate.endpoint.jmx.EndpointMBeanExporter - Located managed bean 'requestMappingEndpoint': registering with JMX server as MBean [org.springframework.boot:type=Endpoint,name=requestMappingEndpoint]
2018-01-13 12:42:57.115 [main] INFO  o.s.b.actuate.endpoint.jmx.EndpointMBeanExporter - Located managed bean 'environmentEndpoint': registering with JMX server as MBean [org.springframework.boot:type=Endpoint,name=environmentEndpoint]
2018-01-13 12:42:57.124 [main] INFO  o.s.b.actuate.endpoint.jmx.EndpointMBeanExporter - Located managed bean 'healthEndpoint': registering with JMX server as MBean [org.springframework.boot:type=Endpoint,name=healthEndpoint]
2018-01-13 12:42:57.133 [main] INFO  o.s.b.actuate.endpoint.jmx.EndpointMBeanExporter - Located managed bean 'beansEndpoint': registering with JMX server as MBean [org.springframework.boot:type=Endpoint,name=beansEndpoint]
2018-01-13 12:42:57.140 [main] INFO  o.s.b.actuate.endpoint.jmx.EndpointMBeanExporter - Located managed bean 'infoEndpoint': registering with JMX server as MBean [org.springframework.boot:type=Endpoint,name=infoEndpoint]
2018-01-13 12:42:57.148 [main] INFO  o.s.b.actuate.endpoint.jmx.EndpointMBeanExporter - Located managed bean 'metricsEndpoint': registering with JMX server as MBean [org.springframework.boot:type=Endpoint,name=metricsEndpoint]
2018-01-13 12:42:57.155 [main] INFO  o.s.b.actuate.endpoint.jmx.EndpointMBeanExporter - Located managed bean 'traceEndpoint': registering with JMX server as MBean [org.springframework.boot:type=Endpoint,name=traceEndpoint]
2018-01-13 12:42:57.162 [main] INFO  o.s.b.actuate.endpoint.jmx.EndpointMBeanExporter - Located managed bean 'dumpEndpoint': registering with JMX server as MBean [org.springframework.boot:type=Endpoint,name=dumpEndpoint]
2018-01-13 12:42:57.171 [main] INFO  o.s.b.actuate.endpoint.jmx.EndpointMBeanExporter - Located managed bean 'autoConfigurationReportEndpoint': registering with JMX server as MBean [org.springframework.boot:type=Endpoint,name=autoConfigurationReportEndpoint]
2018-01-13 12:42:57.177 [main] INFO  o.s.b.actuate.endpoint.jmx.EndpointMBeanExporter - Located managed bean 'configurationPropertiesReportEndpoint': registering with JMX server as MBean [org.springframework.boot:type=Endpoint,name=configurationPropertiesReportEndpoint]
2018-01-13 12:42:57.179 [main] INFO  o.s.context.support.DefaultLifecycleProcessor - Starting beans in phase 2147483647
2018-01-13 12:42:57.180 [main] INFO  s.d.s.web.plugins.DocumentationPluginsBootstrapper - Context refreshed
2018-01-13 12:42:57.263 [main] INFO  s.d.s.web.plugins.DocumentationPluginsBootstrapper - Found 1 custom documentation plugin(s)
2018-01-13 12:42:57.299 [main] INFO  s.d.spring.web.scanners.ApiListingReferenceScanner - Scanning for api listing references
2018-01-13 12:42:57.732 [main] INFO  s.d.s.w.r.operation.CachingOperationNameGenerator - Generating unique operation named: invokeUsingGET_1
2018-01-13 12:42:57.737 [main] INFO  s.d.s.w.r.operation.CachingOperationNameGenerator - Generating unique operation named: invokeUsingGET_2
2018-01-13 12:42:57.741 [main] INFO  s.d.s.w.r.operation.CachingOperationNameGenerator - Generating unique operation named: invokeUsingGET_3
2018-01-13 12:42:57.746 [main] INFO  s.d.s.w.r.operation.CachingOperationNameGenerator - Generating unique operation named: invokeUsingGET_4
2018-01-13 12:42:57.751 [main] INFO  s.d.s.w.r.operation.CachingOperationNameGenerator - Generating unique operation named: invokeUsingGET_5
2018-01-13 12:42:57.756 [main] INFO  s.d.s.w.r.operation.CachingOperationNameGenerator - Generating unique operation named: invokeUsingGET_6
2018-01-13 12:42:57.759 [main] INFO  s.d.s.w.r.operation.CachingOperationNameGenerator - Generating unique operation named: invokeUsingGET_7
2018-01-13 12:42:57.763 [main] INFO  s.d.s.w.r.operation.CachingOperationNameGenerator - Generating unique operation named: invokeUsingGET_8
2018-01-13 12:42:57.766 [main] INFO  s.d.s.w.r.operation.CachingOperationNameGenerator - Generating unique operation named: invokeUsingGET_9
2018-01-13 12:42:57.771 [main] INFO  s.d.s.w.r.operation.CachingOperationNameGenerator - Generating unique operation named: invokeUsingGET_10
2018-01-13 12:42:57.776 [main] INFO  s.d.s.w.r.operation.CachingOperationNameGenerator - Generating unique operation named: invokeUsingGET_11
2018-01-13 12:42:57.781 [main] INFO  s.d.s.w.r.operation.CachingOperationNameGenerator - Generating unique operation named: invokeUsingGET_12
2018-01-13 12:42:57.784 [main] INFO  s.d.s.w.r.operation.CachingOperationNameGenerator - Generating unique operation named: invokeUsingGET_13
2018-01-13 12:42:57.791 [main] INFO  s.d.s.w.r.operation.CachingOperationNameGenerator - Generating unique operation named: invokeUsingGET_14
2018-01-13 12:42:57.795 [main] INFO  s.d.s.w.r.operation.CachingOperationNameGenerator - Generating unique operation named: invokeUsingGET_15
2018-01-13 12:42:57.859 [main] INFO  s.d.s.w.r.operation.CachingOperationNameGenerator - Generating unique operation named: invokeUsingGET_16
2018-01-13 12:42:57.912 [main] INFO  s.d.s.w.r.operation.CachingOperationNameGenerator - Generating unique operation named: invokeUsingGET_17
2018-01-13 12:42:57.920 [main] INFO  s.d.s.w.r.operation.CachingOperationNameGenerator - Generating unique operation named: invokeUsingHEAD_1
2018-01-13 12:42:57.926 [main] INFO  s.d.s.w.r.operation.CachingOperationNameGenerator - Generating unique operation named: invokeUsingPOST_1
2018-01-13 12:42:57.932 [main] INFO  s.d.s.w.r.operation.CachingOperationNameGenerator - Generating unique operation named: invokeUsingPUT_1
2018-01-13 12:42:57.940 [main] INFO  s.d.s.w.r.operation.CachingOperationNameGenerator - Generating unique operation named: invokeUsingPATCH_1
2018-01-13 12:42:57.948 [main] INFO  s.d.s.w.r.operation.CachingOperationNameGenerator - Generating unique operation named: invokeUsingDELETE_1
2018-01-13 12:42:57.956 [main] INFO  s.d.s.w.r.operation.CachingOperationNameGenerator - Generating unique operation named: invokeUsingOPTIONS_1
2018-01-13 12:42:57.963 [main] INFO  s.d.s.w.r.operation.CachingOperationNameGenerator - Generating unique operation named: invokeUsingTRACE_1
2018-01-13 12:42:57.978 [main] INFO  s.d.s.w.r.operation.CachingOperationNameGenerator - Generating unique operation named: invokeUsingGET_18
2018-01-13 12:42:57.986 [main] INFO  s.d.s.w.r.operation.CachingOperationNameGenerator - Generating unique operation named: invokeUsingGET_19
2018-01-13 12:42:58.049 [main] INFO  s.d.s.w.r.operation.CachingOperationNameGenerator - Generating unique operation named: invokeUsingGET_20
2018-01-13 12:42:58.052 [main] INFO  s.d.s.w.r.operation.CachingOperationNameGenerator - Generating unique operation named: invokeUsingGET_21
2018-01-13 12:42:58.062 [main] INFO  s.d.s.w.r.operation.CachingOperationNameGenerator - Generating unique operation named: valueUsingGET_1
2018-01-13 12:42:58.796 [main] INFO  s.d.s.w.r.operation.CachingOperationNameGenerator - Generating unique operation named: queryWithConditionUsingPOST_1
2018-01-13 12:42:58.804 [main] INFO  s.d.s.w.r.operation.CachingOperationNameGenerator - Generating unique operation named: deleteUsingGET_1
2018-01-13 12:42:58.844 [main] INFO  s.d.s.w.r.operation.CachingOperationNameGenerator - Generating unique operation named: editUsingPOST_1
2018-01-13 12:42:58.870 [main] INFO  s.d.s.w.r.operation.CachingOperationNameGenerator - Generating unique operation named: editPageUsingGET_1
2018-01-13 12:42:59.078 [main] INFO  s.d.s.w.r.operation.CachingOperationNameGenerator - Generating unique operation named: queryWithConditionUsingPOST_2
2018-01-13 12:42:59.125 [main] INFO  s.d.s.w.r.operation.CachingOperationNameGenerator - Generating unique operation named: deleteUsingGET_2
2018-01-13 12:42:59.130 [main] INFO  s.d.s.w.r.operation.CachingOperationNameGenerator - Generating unique operation named: deleteUsingHEAD_1
2018-01-13 12:42:59.134 [main] INFO  s.d.s.w.r.operation.CachingOperationNameGenerator - Generating unique operation named: deleteUsingPOST_1
2018-01-13 12:42:59.139 [main] INFO  s.d.s.w.r.operation.CachingOperationNameGenerator - Generating unique operation named: deleteUsingPUT_1
2018-01-13 12:42:59.144 [main] INFO  s.d.s.w.r.operation.CachingOperationNameGenerator - Generating unique operation named: deleteUsingPATCH_1
2018-01-13 12:42:59.149 [main] INFO  s.d.s.w.r.operation.CachingOperationNameGenerator - Generating unique operation named: deleteUsingDELETE_1
2018-01-13 12:42:59.154 [main] INFO  s.d.s.w.r.operation.CachingOperationNameGenerator - Generating unique operation named: deleteUsingOPTIONS_1
2018-01-13 12:42:59.159 [main] INFO  s.d.s.w.r.operation.CachingOperationNameGenerator - Generating unique operation named: deleteUsingTRACE_1
2018-01-13 12:42:59.166 [main] INFO  s.d.s.w.r.operation.CachingOperationNameGenerator - Generating unique operation named: editPageUsingGET_2
2018-01-13 12:42:59.172 [main] INFO  s.d.s.w.r.operation.CachingOperationNameGenerator - Generating unique operation named: editPageUsingHEAD_1
2018-01-13 12:42:59.177 [main] INFO  s.d.s.w.r.operation.CachingOperationNameGenerator - Generating unique operation named: editPageUsingPOST_1
2018-01-13 12:42:59.181 [main] INFO  s.d.s.w.r.operation.CachingOperationNameGenerator - Generating unique operation named: editPageUsingPUT_1
2018-01-13 12:42:59.186 [main] INFO  s.d.s.w.r.operation.CachingOperationNameGenerator - Generating unique operation named: editPageUsingPATCH_1
2018-01-13 12:42:59.190 [main] INFO  s.d.s.w.r.operation.CachingOperationNameGenerator - Generating unique operation named: editPageUsingDELETE_1
2018-01-13 12:42:59.195 [main] INFO  s.d.s.w.r.operation.CachingOperationNameGenerator - Generating unique operation named: editPageUsingOPTIONS_1
2018-01-13 12:42:59.200 [main] INFO  s.d.s.w.r.operation.CachingOperationNameGenerator - Generating unique operation named: editPageUsingTRACE_1
2018-01-13 12:42:59.483 [main] INFO  s.d.s.w.r.operation.CachingOperationNameGenerator - Generating unique operation named: editPageUsingGET_3
2018-01-13 12:42:59.549 [main] INFO  s.d.s.w.r.operation.CachingOperationNameGenerator - Generating unique operation named: kickoutUsingGET_1
2018-01-13 12:42:59.578 [main] INFO  s.d.s.w.r.operation.CachingOperationNameGenerator - Generating unique operation named: saveUsingGET_1
2018-01-13 12:42:59.597 [main] INFO  s.d.s.w.r.operation.CachingOperationNameGenerator - Generating unique operation named: saveUsingPOST_1
2018-01-13 12:42:59.686 [main] INFO  s.d.s.w.r.operation.CachingOperationNameGenerator - Generating unique operation named: userPageUsingGET_1
2018-01-13 12:42:59.706 [main] INFO  s.d.s.w.r.operation.CachingOperationNameGenerator - Generating unique operation named: userPageUsingGET_2
2018-01-13 12:42:59.924 [main] INFO  org.apache.coyote.http11.Http11NioProtocol - Initializing ProtocolHandler ["http-nio-8090"]
2018-01-13 12:42:59.964 [main] INFO  org.apache.coyote.http11.Http11NioProtocol - Starting ProtocolHandler ["http-nio-8090"]
2018-01-13 12:42:59.985 [main] INFO  org.apache.tomcat.util.net.NioSelectorPool - Using a shared selector for servlet write/read
2018-01-13 12:43:00.088 [main] INFO  o.s.b.c.e.tomcat.TomcatEmbeddedServletContainer - Tomcat started on port(s): 8090 (http)
2018-01-13 12:43:00.098 [main] INFO  com.viroyal.light.DemoApplication - Started DemoApplication in 25.299 seconds (JVM running for 27.902)
2018-01-13 12:48:15.477 [http-nio-8090-exec-1] INFO  o.a.c.core.ContainerBase.[Tomcat].[localhost].[/] - Initializing Spring FrameworkServlet 'dispatcherServlet'
2018-01-13 12:48:15.477 [http-nio-8090-exec-1] INFO  org.springframework.web.servlet.DispatcherServlet - FrameworkServlet 'dispatcherServlet': initialization started
2018-01-13 12:48:15.527 [http-nio-8090-exec-1] INFO  org.springframework.web.servlet.DispatcherServlet - FrameworkServlet 'dispatcherServlet': initialization completed in 50 ms
2018-01-13 12:48:15.593 [http-nio-8090-exec-1] INFO  o.a.s.session.mgt.AbstractValidatingSessionManager - Enabling session validation scheduler...
2018-01-13 12:48:27.039 [http-nio-8090-exec-22] DEBUG c.v.l.module.user.dao.SysUserMapper.selectByMap - ==>  Preparing: SELECT id AS id,nickname,username,phone,email,pswd,create_time AS createTime,last_login_time AS lastLoginTime,`status`,create_name_id AS createNameId,last_update_time AS lastUpdateTime,last_update_name_id AS lastUpdateNameId,flag FROM sys_user WHERE pswd = ? AND username = ? 
2018-01-13 12:48:27.102 [http-nio-8090-exec-22] DEBUG c.v.l.module.user.dao.SysUserMapper.selectByMap - ==> Parameters: l9a0lajfwQ3VRSh4jUUJSQ==(String), admin(String)
2018-01-13 12:48:27.218 [http-nio-8090-exec-22] DEBUG c.v.l.module.user.dao.SysUserMapper.selectByMap - <==      Total: 1
2018-01-13 12:48:27.227 [http-nio-8090-exec-22] DEBUG c.v.light.module.user.dao.SysUserMapper.updateById - ==>  Preparing: UPDATE sys_user SET nickname=?, username=?, phone=?, email=?, pswd=?, create_time=?, last_login_time=?, `status`=?, flag=? WHERE id=? 
2018-01-13 12:48:27.247 [http-nio-8090-exec-22] DEBUG c.v.light.module.user.dao.SysUserMapper.updateById - ==> Parameters: admin(String), admin(String), 15255257895(String), admin@qq.com(String), l9a0lajfwQ3VRSh4jUUJSQ==(String), 2016-06-16 11:15:33.0(Timestamp), 2018-01-13 12:48:27.219(Timestamp), 1(String), 1(Integer), 1(Long)
2018-01-13 12:48:27.374 [http-nio-8090-exec-22] DEBUG c.v.light.module.user.dao.SysUserMapper.updateById - <==    Updates: 1
2018-01-13 12:48:27.377 [http-nio-8090-exec-22] INFO  com.viroyal.light.common.shiro.MyShiroRealm - 身份认证成功，登录用户：admin
2018-01-13 12:48:28.448 [http-nio-8090-exec-23] DEBUG c.v.l.m.user.dao.SysPermissionMapper.selectByMap - ==>  Preparing: SELECT id AS id,url,`name`,perms FROM sys_permission 
2018-01-13 12:48:28.450 [http-nio-8090-exec-23] DEBUG c.v.l.m.user.dao.SysPermissionMapper.selectByMap - ==> Parameters: 
2018-01-13 12:48:28.520 [http-nio-8090-exec-23] DEBUG c.v.l.m.user.dao.SysPermissionMapper.selectByMap - <==      Total: 26
2018-01-13 12:48:28.522 [http-nio-8090-exec-23] INFO  com.viroyal.light.common.shiro.MyShiroRealm - 权限添加成功：[sys:lightInfo:info, sys:user:delete, sys:user:status, sys:lightInfo:list, sys:region:list, sys:user:update, sys:user:kickout, sys:role:list, sys:region:update, sys:permission:list, sys:light:save, sys:role:select, sys:light:delete, sys:user:list, sys:role:save, sys:region:delete, sys:region:info, sys:permission:info, sys:role:info, sys:permission:update, sys:light:update, sys:role:update, sys:light:info, sys:user:info, sys:permission:save, sys:lightInfo:delete, sys:region.save, sys:role:delete, sys:permission:delete, sys:lightInfo:save, sys:lightInfo:update, sys:user:save, sys:light:list]
2018-01-13 12:49:03.007 [http-nio-8090-exec-17] DEBUG c.v.l.m.user.dao.SysPermissionMapper.deleteBatch - ==>  Preparing: update sys_permission set flag = 0 where id in ( 26 ) ; update sys_role_permission set flag = 0 where pid in ( 26 ) 
2018-01-13 12:49:03.009 [http-nio-8090-exec-17] DEBUG c.v.l.m.user.dao.SysPermissionMapper.deleteBatch - ==> Parameters: 
2018-01-13 12:49:03.123 [http-nio-8090-exec-17] DEBUG c.v.l.m.user.dao.SysPermissionMapper.deleteBatch - <==    Updates: 1
